28-Dec-2024 12:20:26.149 INFO [main] org.apache.catalina.startup.VersionLoggerListener.log Server version name:   Apache Tomcat/9.0.38
28-Dec-2024 12:20:26.161 INFO [main] org.apache.catalina.startup.VersionLoggerListener.log Server built:          Sep 10 2020 08:20:30 UTC
28-Dec-2024 12:20:26.161 INFO [main] org.apache.catalina.startup.VersionLoggerListener.log Server version number: 9.0.38.0
28-Dec-2024 12:20:26.161 INFO [main] org.apache.catalina.startup.VersionLoggerListener.log OS Name:               Windows 10
28-Dec-2024 12:20:26.161 INFO [main] org.apache.catalina.startup.VersionLoggerListener.log OS Version:            10.0
28-Dec-2024 12:20:26.161 INFO [main] org.apache.catalina.startup.VersionLoggerListener.log Architecture:          amd64
28-Dec-2024 12:20:26.162 INFO [main] org.apache.catalina.startup.VersionLoggerListener.log Java Home:             C:\Program Files\Java\jdk1.8.0_261\jre
28-Dec-2024 12:20:26.162 INFO [main] org.apache.catalina.startup.VersionLoggerListener.log JVM Version:           1.8.0_261-b12
28-Dec-2024 12:20:26.162 INFO [main] org.apache.catalina.startup.VersionLoggerListener.log JVM Vendor:            Oracle Corporation
28-Dec-2024 12:20:26.162 INFO [main] org.apache.catalina.startup.VersionLoggerListener.log CATALINA_BASE:         C:\Users\ASUS\Desktop\Spring-Hibernate\Hibernate Applications\Xworkz_CommonModule_Poornima
28-Dec-2024 12:20:26.162 INFO [main] org.apache.catalina.startup.VersionLoggerListener.log CATALINA_HOME:         C:\Users\ASUS\Downloads\apache-tomcat-9.0.38-windows-x64\apache-tomcat-9.0.38
28-Dec-2024 12:20:26.168 INFO [main] org.apache.catalina.startup.VersionLoggerListener.log Command line argument: -Dcatalina.home=C:\Users\ASUS\Downloads\apache-tomcat-9.0.38-windows-x64\apache-tomcat-9.0.38
28-Dec-2024 12:20:26.168 INFO [main] org.apache.catalina.startup.VersionLoggerListener.log Command line argument: -Dcatalina.base=C:\Users\ASUS\Desktop\Spring-Hibernate\Hibernate Applications\Xworkz_CommonModule_Poornima
28-Dec-2024 12:20:26.169 INFO [main] org.apache.catalina.startup.VersionLoggerListener.log Command line argument: -Djava.io.tmpdir=C:\Users\ASUS\Desktop\Spring-Hibernate\Hibernate Applications\Xworkz_CommonModule_Poornima\temp
28-Dec-2024 12:20:26.169 INFO [main] org.apache.catalina.startup.VersionLoggerListener.log Command line argument: -Djava.util.logging.config.file=C:\Users\ASUS\Desktop\Spring-Hibernate\Hibernate Applications\Xworkz_CommonModule_Poornima\conf\logging.properties
28-Dec-2024 12:20:26.169 INFO [main] org.apache.catalina.startup.VersionLoggerListener.log Command line argument: -Djava.util.logging.manager=org.apache.juli.ClassLoaderLogManager
28-Dec-2024 12:20:26.169 INFO [main] org.apache.catalina.startup.VersionLoggerListener.log Command line argument: -javaagent:C:\Program Files\JetBrains\IntelliJ IDEA Community Edition 2024.3\lib\idea_rt.jar=61804:C:\Program Files\JetBrains\IntelliJ IDEA Community Edition 2024.3\bin
28-Dec-2024 12:20:26.169 INFO [main] org.apache.catalina.startup.VersionLoggerListener.log Command line argument: -Dfile.encoding=UTF-8
28-Dec-2024 12:20:26.182 INFO [main] org.apache.catalina.core.AprLifecycleListener.lifecycleEvent Loaded Apache Tomcat Native library [1.2.25] using APR version [1.7.0].
28-Dec-2024 12:20:26.183 INFO [main] org.apache.catalina.core.AprLifecycleListener.lifecycleEvent APR capabilities: IPv6 [true], sendfile [true], accept filters [false], random [true].
28-Dec-2024 12:20:26.183 INFO [main] org.apache.catalina.core.AprLifecycleListener.lifecycleEvent APR/OpenSSL configuration: useAprConnector [false], useOpenSSL [true]
28-Dec-2024 12:20:26.223 INFO [main] org.apache.catalina.core.AprLifecycleListener.initializeSSL OpenSSL successfully initialized [OpenSSL 1.1.1g  21 Apr 2020]
28-Dec-2024 12:20:27.268 INFO [main] org.apache.coyote.AbstractProtocol.init Initializing ProtocolHandler ["http-nio-9999"]
28-Dec-2024 12:20:27.651 INFO [main] org.apache.catalina.startup.Catalina.load Server initialization in [2106] milliseconds
28-Dec-2024 12:20:27.714 INFO [main] org.apache.catalina.core.StandardService.startInternal Starting service [Catalina]
28-Dec-2024 12:20:27.715 INFO [main] org.apache.catalina.core.StandardEngine.startInternal Starting Servlet engine: [Apache Tomcat/9.0.38]
28-Dec-2024 12:20:27.735 INFO [main] org.apache.catalina.startup.HostConfig.deployDescriptor Deploying deployment descriptor [C:\Users\ASUS\Desktop\Spring-Hibernate\Hibernate Applications\Xworkz_CommonModule_Poornima\conf\Catalina\localhost\IndianRailways.xml]
28-Dec-2024 12:20:28.728 INFO [main] org.apache.jasper.servlet.TldScanner.scanJars At least one JAR was scanned for TLDs yet contained no TLDs. Enable debug logging for this logger for a complete list of JARs that were scanned but no TLDs were found in them. Skipping unneeded JARs during scanning can improve startup time and JSP compilation time.
28-Dec-2024 12:20:28.895 INFO [main] org.apache.catalina.startup.HostConfig.deployDescriptor Deployment of deployment descriptor [C:\Users\ASUS\Desktop\Spring-Hibernate\Hibernate Applications\Xworkz_CommonModule_Poornima\conf\Catalina\localhost\IndianRailways.xml] has finished in [1,157] ms
28-Dec-2024 12:20:28.897 INFO [main] org.apache.catalina.startup.HostConfig.deployDescriptor Deploying deployment descriptor [C:\Users\ASUS\Desktop\Spring-Hibernate\Hibernate Applications\Xworkz_CommonModule_Poornima\conf\Catalina\localhost\Xworkz_CommonModule_Poornima.xml]
28-Dec-2024 12:20:38.143 INFO [main] org.apache.jasper.servlet.TldScanner.scanJars At least one JAR was scanned for TLDs yet contained no TLDs. Enable debug logging for this logger for a complete list of JARs that were scanned but no TLDs were found in them. Skipping unneeded JARs during scanning can improve startup time and JSP compilation time.
28-Dec-2024 12:20:55.064 INFO [main] org.apache.catalina.startup.HostConfig.deployDescriptor Deployment of deployment descriptor [C:\Users\ASUS\Desktop\Spring-Hibernate\Hibernate Applications\Xworkz_CommonModule_Poornima\conf\Catalina\localhost\Xworkz_CommonModule_Poornima.xml] has finished in [26,168] ms
28-Dec-2024 12:20:55.071 INFO [main] org.apache.coyote.AbstractProtocol.start Starting ProtocolHandler ["http-nio-9999"]
28-Dec-2024 12:20:55.088 INFO [main] org.apache.catalina.startup.Catalina.start Server startup in [27436] milliseconds
28-Dec-2024 12:29:54.296 INFO [Thread-4] org.apache.coyote.AbstractProtocol.pause Pausing ProtocolHandler ["http-nio-9999"]
28-Dec-2024 12:29:54.614 INFO [Thread-4] org.apache.catalina.core.StandardService.stopInternal Stopping service [Catalina]
28-Dec-2024 12:29:54.699 WARNING [Thread-4] org.apache.catalina.loader.WebappClassLoaderBase.clearReferencesJdbc The web application [Xworkz_CommonModule_Poornima] registered the JDBC driver [com.mysql.cj.jdbc.Driver] but failed to unregister it when the web application was stopped. To prevent a memory leak, the JDBC Driver has been forcibly unregistered.
28-Dec-2024 12:29:54.700 WARNING [Thread-4] org.apache.catalina.loader.WebappClassLoaderBase.clearReferencesThreads The web application [Xworkz_CommonModule_Poornima] appears to have started a thread named [mysql-cj-abandoned-connection-cleanup] but has failed to stop it. This is very likely to create a memory leak. Stack trace of thread:
 java.lang.Object.wait(Native Method)
 java.lang.ref.ReferenceQueue.remove(ReferenceQueue.java:144)
 com.mysql.cj.jdbc.AbandonedConnectionCleanupThread.run(AbandonedConnectionCleanupThread.java:91)
 java.util.concurrent.ThreadPoolExecutor.runWorker(ThreadPoolExecutor.java:1149)
 java.util.concurrent.ThreadPoolExecutor$Worker.run(ThreadPoolExecutor.java:624)
 java.lang.Thread.run(Thread.java:748)
28-Dec-2024 12:29:54.711 INFO [Thread-4] org.apache.coyote.AbstractProtocol.stop Stopping ProtocolHandler ["http-nio-9999"]
28-Dec-2024 12:29:54.726 INFO [Thread-4] org.apache.coyote.AbstractProtocol.destroy Destroying ProtocolHandler ["http-nio-9999"]
28-Dec-2024 12:29:59.278 INFO [main] org.apache.catalina.startup.VersionLoggerListener.log Server version name:   Apache Tomcat/9.0.38
28-Dec-2024 12:29:59.286 INFO [main] org.apache.catalina.startup.VersionLoggerListener.log Server built:          Sep 10 2020 08:20:30 UTC
28-Dec-2024 12:29:59.287 INFO [main] org.apache.catalina.startup.VersionLoggerListener.log Server version number: 9.0.38.0
28-Dec-2024 12:29:59.287 INFO [main] org.apache.catalina.startup.VersionLoggerListener.log OS Name:               Windows 10
28-Dec-2024 12:29:59.287 INFO [main] org.apache.catalina.startup.VersionLoggerListener.log OS Version:            10.0
28-Dec-2024 12:29:59.287 INFO [main] org.apache.catalina.startup.VersionLoggerListener.log Architecture:          amd64
28-Dec-2024 12:29:59.287 INFO [main] org.apache.catalina.startup.VersionLoggerListener.log Java Home:             C:\Program Files\Java\jdk1.8.0_261\jre
28-Dec-2024 12:29:59.288 INFO [main] org.apache.catalina.startup.VersionLoggerListener.log JVM Version:           1.8.0_261-b12
28-Dec-2024 12:29:59.288 INFO [main] org.apache.catalina.startup.VersionLoggerListener.log JVM Vendor:            Oracle Corporation
28-Dec-2024 12:29:59.288 INFO [main] org.apache.catalina.startup.VersionLoggerListener.log CATALINA_BASE:         C:\Users\ASUS\Desktop\Spring-Hibernate\Hibernate Applications\Xworkz_CommonModule_Poornima
28-Dec-2024 12:29:59.288 INFO [main] org.apache.catalina.startup.VersionLoggerListener.log CATALINA_HOME:         C:\Users\ASUS\Downloads\apache-tomcat-9.0.38-windows-x64\apache-tomcat-9.0.38
28-Dec-2024 12:29:59.293 INFO [main] org.apache.catalina.startup.VersionLoggerListener.log Command line argument: -Dcatalina.home=C:\Users\ASUS\Downloads\apache-tomcat-9.0.38-windows-x64\apache-tomcat-9.0.38
28-Dec-2024 12:29:59.294 INFO [main] org.apache.catalina.startup.VersionLoggerListener.log Command line argument: -Dcatalina.base=C:\Users\ASUS\Desktop\Spring-Hibernate\Hibernate Applications\Xworkz_CommonModule_Poornima
28-Dec-2024 12:29:59.294 INFO [main] org.apache.catalina.startup.VersionLoggerListener.log Command line argument: -Djava.io.tmpdir=C:\Users\ASUS\Desktop\Spring-Hibernate\Hibernate Applications\Xworkz_CommonModule_Poornima\temp
28-Dec-2024 12:29:59.294 INFO [main] org.apache.catalina.startup.VersionLoggerListener.log Command line argument: -Djava.util.logging.config.file=C:\Users\ASUS\Desktop\Spring-Hibernate\Hibernate Applications\Xworkz_CommonModule_Poornima\conf\logging.properties
28-Dec-2024 12:29:59.294 INFO [main] org.apache.catalina.startup.VersionLoggerListener.log Command line argument: -Djava.util.logging.manager=org.apache.juli.ClassLoaderLogManager
28-Dec-2024 12:29:59.294 INFO [main] org.apache.catalina.startup.VersionLoggerListener.log Command line argument: -javaagent:C:\Program Files\JetBrains\IntelliJ IDEA Community Edition 2024.3\lib\idea_rt.jar=61895:C:\Program Files\JetBrains\IntelliJ IDEA Community Edition 2024.3\bin
28-Dec-2024 12:29:59.295 INFO [main] org.apache.catalina.startup.VersionLoggerListener.log Command line argument: -Dfile.encoding=UTF-8
28-Dec-2024 12:29:59.302 INFO [main] org.apache.catalina.core.AprLifecycleListener.lifecycleEvent Loaded Apache Tomcat Native library [1.2.25] using APR version [1.7.0].
28-Dec-2024 12:29:59.302 INFO [main] org.apache.catalina.core.AprLifecycleListener.lifecycleEvent APR capabilities: IPv6 [true], sendfile [true], accept filters [false], random [true].
28-Dec-2024 12:29:59.302 INFO [main] org.apache.catalina.core.AprLifecycleListener.lifecycleEvent APR/OpenSSL configuration: useAprConnector [false], useOpenSSL [true]
28-Dec-2024 12:29:59.314 INFO [main] org.apache.catalina.core.AprLifecycleListener.initializeSSL OpenSSL successfully initialized [OpenSSL 1.1.1g  21 Apr 2020]
28-Dec-2024 12:30:00.590 INFO [main] org.apache.coyote.AbstractProtocol.init Initializing ProtocolHandler ["http-nio-9999"]
28-Dec-2024 12:30:01.153 INFO [main] org.apache.catalina.startup.Catalina.load Server initialization in [2352] milliseconds
28-Dec-2024 12:30:01.225 INFO [main] org.apache.catalina.core.StandardService.startInternal Starting service [Catalina]
28-Dec-2024 12:30:01.225 INFO [main] org.apache.catalina.core.StandardEngine.startInternal Starting Servlet engine: [Apache Tomcat/9.0.38]
28-Dec-2024 12:30:01.248 INFO [main] org.apache.catalina.startup.HostConfig.deployDescriptor Deploying deployment descriptor [C:\Users\ASUS\Desktop\Spring-Hibernate\Hibernate Applications\Xworkz_CommonModule_Poornima\conf\Catalina\localhost\IndianRailways.xml]
28-Dec-2024 12:30:01.984 INFO [main] org.apache.jasper.servlet.TldScanner.scanJars At least one JAR was scanned for TLDs yet contained no TLDs. Enable debug logging for this logger for a complete list of JARs that were scanned but no TLDs were found in them. Skipping unneeded JARs during scanning can improve startup time and JSP compilation time.
28-Dec-2024 12:30:02.093 INFO [main] org.apache.catalina.startup.HostConfig.deployDescriptor Deployment of deployment descriptor [C:\Users\ASUS\Desktop\Spring-Hibernate\Hibernate Applications\Xworkz_CommonModule_Poornima\conf\Catalina\localhost\IndianRailways.xml] has finished in [843] ms
28-Dec-2024 12:30:02.093 INFO [main] org.apache.catalina.startup.HostConfig.deployDescriptor Deploying deployment descriptor [C:\Users\ASUS\Desktop\Spring-Hibernate\Hibernate Applications\Xworkz_CommonModule_Poornima\conf\Catalina\localhost\Xworkz_CommonModule_Poornima.xml]
28-Dec-2024 12:30:10.766 INFO [main] org.apache.jasper.servlet.TldScanner.scanJars At least one JAR was scanned for TLDs yet contained no TLDs. Enable debug logging for this logger for a complete list of JARs that were scanned but no TLDs were found in them. Skipping unneeded JARs during scanning can improve startup time and JSP compilation time.
28-Dec-2024 12:30:27.722 INFO [main] org.apache.catalina.startup.HostConfig.deployDescriptor Deployment of deployment descriptor [C:\Users\ASUS\Desktop\Spring-Hibernate\Hibernate Applications\Xworkz_CommonModule_Poornima\conf\Catalina\localhost\Xworkz_CommonModule_Poornima.xml] has finished in [25,628] ms
28-Dec-2024 12:30:27.727 INFO [main] org.apache.coyote.AbstractProtocol.start Starting ProtocolHandler ["http-nio-9999"]
28-Dec-2024 12:30:27.746 INFO [main] org.apache.catalina.startup.Catalina.start Server startup in [26592] milliseconds
28-Dec-2024 12:35:51.430 INFO [Thread-4] org.apache.coyote.AbstractProtocol.pause Pausing ProtocolHandler ["http-nio-9999"]
28-Dec-2024 12:35:51.713 INFO [Thread-4] org.apache.catalina.core.StandardService.stopInternal Stopping service [Catalina]
28-Dec-2024 12:35:51.812 WARNING [Thread-4] org.apache.catalina.loader.WebappClassLoaderBase.clearReferencesJdbc The web application [Xworkz_CommonModule_Poornima] registered the JDBC driver [com.mysql.cj.jdbc.Driver] but failed to unregister it when the web application was stopped. To prevent a memory leak, the JDBC Driver has been forcibly unregistered.
28-Dec-2024 12:35:51.814 WARNING [Thread-4] org.apache.catalina.loader.WebappClassLoaderBase.clearReferencesThreads The web application [Xworkz_CommonModule_Poornima] appears to have started a thread named [mysql-cj-abandoned-connection-cleanup] but has failed to stop it. This is very likely to create a memory leak. Stack trace of thread:
 java.lang.Object.wait(Native Method)
 java.lang.ref.ReferenceQueue.remove(ReferenceQueue.java:144)
 com.mysql.cj.jdbc.AbandonedConnectionCleanupThread.run(AbandonedConnectionCleanupThread.java:91)
 java.util.concurrent.ThreadPoolExecutor.runWorker(ThreadPoolExecutor.java:1149)
 java.util.concurrent.ThreadPoolExecutor$Worker.run(ThreadPoolExecutor.java:624)
 java.lang.Thread.run(Thread.java:748)
28-Dec-2024 12:35:51.824 INFO [Thread-4] org.apache.coyote.AbstractProtocol.stop Stopping ProtocolHandler ["http-nio-9999"]
28-Dec-2024 12:35:51.882 INFO [Thread-4] org.apache.coyote.AbstractProtocol.destroy Destroying ProtocolHandler ["http-nio-9999"]
