01-Jan-2025 06:38:01.960 INFO [main] org.apache.catalina.startup.VersionLoggerListener.log Server version name:   Apache Tomcat/9.0.38
01-Jan-2025 06:38:01.971 INFO [main] org.apache.catalina.startup.VersionLoggerListener.log Server built:          Sep 10 2020 08:20:30 UTC
01-Jan-2025 06:38:01.971 INFO [main] org.apache.catalina.startup.VersionLoggerListener.log Server version number: 9.0.38.0
01-Jan-2025 06:38:01.973 INFO [main] org.apache.catalina.startup.VersionLoggerListener.log OS Name:               Windows 10
01-Jan-2025 06:38:01.973 INFO [main] org.apache.catalina.startup.VersionLoggerListener.log OS Version:            10.0
01-Jan-2025 06:38:01.973 INFO [main] org.apache.catalina.startup.VersionLoggerListener.log Architecture:          amd64
01-Jan-2025 06:38:01.973 INFO [main] org.apache.catalina.startup.VersionLoggerListener.log Java Home:             C:\Program Files\Java\jdk1.8.0_261\jre
01-Jan-2025 06:38:01.973 INFO [main] org.apache.catalina.startup.VersionLoggerListener.log JVM Version:           1.8.0_261-b12
01-Jan-2025 06:38:01.973 INFO [main] org.apache.catalina.startup.VersionLoggerListener.log JVM Vendor:            Oracle Corporation
01-Jan-2025 06:38:01.974 INFO [main] org.apache.catalina.startup.VersionLoggerListener.log CATALINA_BASE:         C:\Users\ASUS\Desktop\Spring-Hibernate\Hibernate Applications\Xworkz_CommonModule_Poornima
01-Jan-2025 06:38:01.974 INFO [main] org.apache.catalina.startup.VersionLoggerListener.log CATALINA_HOME:         C:\Users\ASUS\Downloads\apache-tomcat-9.0.38-windows-x64\apache-tomcat-9.0.38
01-Jan-2025 06:38:01.989 INFO [main] org.apache.catalina.startup.VersionLoggerListener.log Command line argument: -Dcatalina.home=C:\Users\ASUS\Downloads\apache-tomcat-9.0.38-windows-x64\apache-tomcat-9.0.38
01-Jan-2025 06:38:01.990 INFO [main] org.apache.catalina.startup.VersionLoggerListener.log Command line argument: -Dcatalina.base=C:\Users\ASUS\Desktop\Spring-Hibernate\Hibernate Applications\Xworkz_CommonModule_Poornima
01-Jan-2025 06:38:01.990 INFO [main] org.apache.catalina.startup.VersionLoggerListener.log Command line argument: -Djava.io.tmpdir=C:\Users\ASUS\Desktop\Spring-Hibernate\Hibernate Applications\Xworkz_CommonModule_Poornima\temp
01-Jan-2025 06:38:01.990 INFO [main] org.apache.catalina.startup.VersionLoggerListener.log Command line argument: -Djava.util.logging.config.file=C:\Users\ASUS\Desktop\Spring-Hibernate\Hibernate Applications\Xworkz_CommonModule_Poornima\conf\logging.properties
01-Jan-2025 06:38:01.990 INFO [main] org.apache.catalina.startup.VersionLoggerListener.log Command line argument: -Djava.util.logging.manager=org.apache.juli.ClassLoaderLogManager
01-Jan-2025 06:38:01.990 INFO [main] org.apache.catalina.startup.VersionLoggerListener.log Command line argument: -javaagent:C:\Program Files\JetBrains\IntelliJ IDEA Community Edition 2024.3\lib\idea_rt.jar=62884:C:\Program Files\JetBrains\IntelliJ IDEA Community Edition 2024.3\bin
01-Jan-2025 06:38:01.991 INFO [main] org.apache.catalina.startup.VersionLoggerListener.log Command line argument: -Dfile.encoding=UTF-8
01-Jan-2025 06:38:02.005 INFO [main] org.apache.catalina.core.AprLifecycleListener.lifecycleEvent Loaded Apache Tomcat Native library [1.2.25] using APR version [1.7.0].
01-Jan-2025 06:38:02.007 INFO [main] org.apache.catalina.core.AprLifecycleListener.lifecycleEvent APR capabilities: IPv6 [true], sendfile [true], accept filters [false], random [true].
01-Jan-2025 06:38:02.007 INFO [main] org.apache.catalina.core.AprLifecycleListener.lifecycleEvent APR/OpenSSL configuration: useAprConnector [false], useOpenSSL [true]
01-Jan-2025 06:38:02.037 INFO [main] org.apache.catalina.core.AprLifecycleListener.initializeSSL OpenSSL successfully initialized [OpenSSL 1.1.1g  21 Apr 2020]
01-Jan-2025 06:38:03.085 INFO [main] org.apache.coyote.AbstractProtocol.init Initializing ProtocolHandler ["http-nio-9999"]
01-Jan-2025 06:38:03.450 INFO [main] org.apache.catalina.startup.Catalina.load Server initialization in [2072] milliseconds
01-Jan-2025 06:38:03.513 INFO [main] org.apache.catalina.core.StandardService.startInternal Starting service [Catalina]
01-Jan-2025 06:38:03.513 INFO [main] org.apache.catalina.core.StandardEngine.startInternal Starting Servlet engine: [Apache Tomcat/9.0.38]
01-Jan-2025 06:38:03.530 INFO [main] org.apache.catalina.startup.HostConfig.deployDescriptor Deploying deployment descriptor [C:\Users\ASUS\Desktop\Spring-Hibernate\Hibernate Applications\Xworkz_CommonModule_Poornima\conf\Catalina\localhost\IndianRailways.xml]
01-Jan-2025 06:38:04.296 INFO [main] org.apache.jasper.servlet.TldScanner.scanJars At least one JAR was scanned for TLDs yet contained no TLDs. Enable debug logging for this logger for a complete list of JARs that were scanned but no TLDs were found in them. Skipping unneeded JARs during scanning can improve startup time and JSP compilation time.
01-Jan-2025 06:38:04.395 INFO [main] org.apache.catalina.startup.HostConfig.deployDescriptor Deployment of deployment descriptor [C:\Users\ASUS\Desktop\Spring-Hibernate\Hibernate Applications\Xworkz_CommonModule_Poornima\conf\Catalina\localhost\IndianRailways.xml] has finished in [863] ms
01-Jan-2025 06:38:04.395 INFO [main] org.apache.catalina.startup.HostConfig.deployDescriptor Deploying deployment descriptor [C:\Users\ASUS\Desktop\Spring-Hibernate\Hibernate Applications\Xworkz_CommonModule_Poornima\conf\Catalina\localhost\Xworkz_CommonModule_Poornima.xml]
01-Jan-2025 06:38:14.492 INFO [main] org.apache.jasper.servlet.TldScanner.scanJars At least one JAR was scanned for TLDs yet contained no TLDs. Enable debug logging for this logger for a complete list of JARs that were scanned but no TLDs were found in them. Skipping unneeded JARs during scanning can improve startup time and JSP compilation time.
01-Jan-2025 06:38:32.070 INFO [main] org.apache.catalina.startup.HostConfig.deployDescriptor Deployment of deployment descriptor [C:\Users\ASUS\Desktop\Spring-Hibernate\Hibernate Applications\Xworkz_CommonModule_Poornima\conf\Catalina\localhost\Xworkz_CommonModule_Poornima.xml] has finished in [27,675] ms
01-Jan-2025 06:38:32.078 INFO [main] org.apache.coyote.AbstractProtocol.start Starting ProtocolHandler ["http-nio-9999"]
01-Jan-2025 06:38:32.096 INFO [main] org.apache.catalina.startup.Catalina.start Server startup in [28645] milliseconds
01-Jan-2025 06:46:13.744 INFO [Thread-4] org.apache.coyote.AbstractProtocol.pause Pausing ProtocolHandler ["http-nio-9999"]
01-Jan-2025 06:46:13.996 INFO [Thread-4] org.apache.catalina.core.StandardService.stopInternal Stopping service [Catalina]
01-Jan-2025 06:46:14.204 WARNING [Thread-4] org.apache.catalina.loader.WebappClassLoaderBase.clearReferencesJdbc The web application [Xworkz_CommonModule_Poornima] registered the JDBC driver [com.mysql.cj.jdbc.Driver] but failed to unregister it when the web application was stopped. To prevent a memory leak, the JDBC Driver has been forcibly unregistered.
01-Jan-2025 06:46:14.207 WARNING [Thread-4] org.apache.catalina.loader.WebappClassLoaderBase.clearReferencesThreads The web application [Xworkz_CommonModule_Poornima] appears to have started a thread named [mysql-cj-abandoned-connection-cleanup] but has failed to stop it. This is very likely to create a memory leak. Stack trace of thread:
 java.lang.Object.wait(Native Method)
 java.lang.ref.ReferenceQueue.remove(ReferenceQueue.java:144)
 com.mysql.cj.jdbc.AbandonedConnectionCleanupThread.run(AbandonedConnectionCleanupThread.java:91)
 java.util.concurrent.ThreadPoolExecutor.runWorker(ThreadPoolExecutor.java:1149)
 java.util.concurrent.ThreadPoolExecutor$Worker.run(ThreadPoolExecutor.java:624)
 java.lang.Thread.run(Thread.java:748)
01-Jan-2025 06:46:14.259 INFO [Thread-4] org.apache.coyote.AbstractProtocol.stop Stopping ProtocolHandler ["http-nio-9999"]
01-Jan-2025 06:46:14.274 INFO [Thread-4] org.apache.coyote.AbstractProtocol.destroy Destroying ProtocolHandler ["http-nio-9999"]
01-Jan-2025 06:46:33.387 INFO [main] org.apache.catalina.startup.VersionLoggerListener.log Server version name:   Apache Tomcat/9.0.38
01-Jan-2025 06:46:33.392 INFO [main] org.apache.catalina.startup.VersionLoggerListener.log Server built:          Sep 10 2020 08:20:30 UTC
01-Jan-2025 06:46:33.392 INFO [main] org.apache.catalina.startup.VersionLoggerListener.log Server version number: 9.0.38.0
01-Jan-2025 06:46:33.392 INFO [main] org.apache.catalina.startup.VersionLoggerListener.log OS Name:               Windows 10
01-Jan-2025 06:46:33.393 INFO [main] org.apache.catalina.startup.VersionLoggerListener.log OS Version:            10.0
01-Jan-2025 06:46:33.393 INFO [main] org.apache.catalina.startup.VersionLoggerListener.log Architecture:          amd64
01-Jan-2025 06:46:33.393 INFO [main] org.apache.catalina.startup.VersionLoggerListener.log Java Home:             C:\Program Files\Java\jdk1.8.0_261\jre
01-Jan-2025 06:46:33.393 INFO [main] org.apache.catalina.startup.VersionLoggerListener.log JVM Version:           1.8.0_261-b12
01-Jan-2025 06:46:33.393 INFO [main] org.apache.catalina.startup.VersionLoggerListener.log JVM Vendor:            Oracle Corporation
01-Jan-2025 06:46:33.393 INFO [main] org.apache.catalina.startup.VersionLoggerListener.log CATALINA_BASE:         C:\Users\ASUS\Desktop\Spring-Hibernate\Hibernate Applications\Xworkz_CommonModule_Poornima
01-Jan-2025 06:46:33.394 INFO [main] org.apache.catalina.startup.VersionLoggerListener.log CATALINA_HOME:         C:\Users\ASUS\Downloads\apache-tomcat-9.0.38-windows-x64\apache-tomcat-9.0.38
01-Jan-2025 06:46:33.397 INFO [main] org.apache.catalina.startup.VersionLoggerListener.log Command line argument: -Dcatalina.home=C:\Users\ASUS\Downloads\apache-tomcat-9.0.38-windows-x64\apache-tomcat-9.0.38
01-Jan-2025 06:46:33.397 INFO [main] org.apache.catalina.startup.VersionLoggerListener.log Command line argument: -Dcatalina.base=C:\Users\ASUS\Desktop\Spring-Hibernate\Hibernate Applications\Xworkz_CommonModule_Poornima
01-Jan-2025 06:46:33.397 INFO [main] org.apache.catalina.startup.VersionLoggerListener.log Command line argument: -Djava.io.tmpdir=C:\Users\ASUS\Desktop\Spring-Hibernate\Hibernate Applications\Xworkz_CommonModule_Poornima\temp
01-Jan-2025 06:46:33.397 INFO [main] org.apache.catalina.startup.VersionLoggerListener.log Command line argument: -Djava.util.logging.config.file=C:\Users\ASUS\Desktop\Spring-Hibernate\Hibernate Applications\Xworkz_CommonModule_Poornima\conf\logging.properties
01-Jan-2025 06:46:33.397 INFO [main] org.apache.catalina.startup.VersionLoggerListener.log Command line argument: -Djava.util.logging.manager=org.apache.juli.ClassLoaderLogManager
01-Jan-2025 06:46:33.397 INFO [main] org.apache.catalina.startup.VersionLoggerListener.log Command line argument: -javaagent:C:\Program Files\JetBrains\IntelliJ IDEA Community Edition 2024.3\lib\idea_rt.jar=62946:C:\Program Files\JetBrains\IntelliJ IDEA Community Edition 2024.3\bin
01-Jan-2025 06:46:33.397 INFO [main] org.apache.catalina.startup.VersionLoggerListener.log Command line argument: -Dfile.encoding=UTF-8
01-Jan-2025 06:46:33.407 INFO [main] org.apache.catalina.core.AprLifecycleListener.lifecycleEvent Loaded Apache Tomcat Native library [1.2.25] using APR version [1.7.0].
01-Jan-2025 06:46:33.407 INFO [main] org.apache.catalina.core.AprLifecycleListener.lifecycleEvent APR capabilities: IPv6 [true], sendfile [true], accept filters [false], random [true].
01-Jan-2025 06:46:33.408 INFO [main] org.apache.catalina.core.AprLifecycleListener.lifecycleEvent APR/OpenSSL configuration: useAprConnector [false], useOpenSSL [true]
01-Jan-2025 06:46:33.432 INFO [main] org.apache.catalina.core.AprLifecycleListener.initializeSSL OpenSSL successfully initialized [OpenSSL 1.1.1g  21 Apr 2020]
01-Jan-2025 06:46:34.253 INFO [main] org.apache.coyote.AbstractProtocol.init Initializing ProtocolHandler ["http-nio-9999"]
01-Jan-2025 06:46:34.587 INFO [main] org.apache.catalina.startup.Catalina.load Server initialization in [1866] milliseconds
01-Jan-2025 06:46:34.638 INFO [main] org.apache.catalina.core.StandardService.startInternal Starting service [Catalina]
01-Jan-2025 06:46:34.638 INFO [main] org.apache.catalina.core.StandardEngine.startInternal Starting Servlet engine: [Apache Tomcat/9.0.38]
01-Jan-2025 06:46:34.655 INFO [main] org.apache.catalina.startup.HostConfig.deployDescriptor Deploying deployment descriptor [C:\Users\ASUS\Desktop\Spring-Hibernate\Hibernate Applications\Xworkz_CommonModule_Poornima\conf\Catalina\localhost\IndianRailways.xml]
01-Jan-2025 06:46:35.294 INFO [main] org.apache.jasper.servlet.TldScanner.scanJars At least one JAR was scanned for TLDs yet contained no TLDs. Enable debug logging for this logger for a complete list of JARs that were scanned but no TLDs were found in them. Skipping unneeded JARs during scanning can improve startup time and JSP compilation time.
01-Jan-2025 06:46:35.384 INFO [main] org.apache.catalina.startup.HostConfig.deployDescriptor Deployment of deployment descriptor [C:\Users\ASUS\Desktop\Spring-Hibernate\Hibernate Applications\Xworkz_CommonModule_Poornima\conf\Catalina\localhost\IndianRailways.xml] has finished in [727] ms
01-Jan-2025 06:46:35.385 INFO [main] org.apache.catalina.startup.HostConfig.deployDescriptor Deploying deployment descriptor [C:\Users\ASUS\Desktop\Spring-Hibernate\Hibernate Applications\Xworkz_CommonModule_Poornima\conf\Catalina\localhost\Xworkz_CommonModule_Poornima.xml]
01-Jan-2025 06:46:43.552 INFO [main] org.apache.jasper.servlet.TldScanner.scanJars At least one JAR was scanned for TLDs yet contained no TLDs. Enable debug logging for this logger for a complete list of JARs that were scanned but no TLDs were found in them. Skipping unneeded JARs during scanning can improve startup time and JSP compilation time.
01-Jan-2025 06:47:01.047 INFO [main] org.apache.catalina.startup.HostConfig.deployDescriptor Deployment of deployment descriptor [C:\Users\ASUS\Desktop\Spring-Hibernate\Hibernate Applications\Xworkz_CommonModule_Poornima\conf\Catalina\localhost\Xworkz_CommonModule_Poornima.xml] has finished in [25,662] ms
01-Jan-2025 06:47:01.055 INFO [main] org.apache.coyote.AbstractProtocol.start Starting ProtocolHandler ["http-nio-9999"]
01-Jan-2025 06:47:01.073 INFO [main] org.apache.catalina.startup.Catalina.start Server startup in [26485] milliseconds
01-Jan-2025 06:54:11.722 INFO [Thread-4] org.apache.coyote.AbstractProtocol.pause Pausing ProtocolHandler ["http-nio-9999"]
01-Jan-2025 06:54:11.948 INFO [Thread-4] org.apache.catalina.core.StandardService.stopInternal Stopping service [Catalina]
01-Jan-2025 06:54:12.055 WARNING [Thread-4] org.apache.catalina.loader.WebappClassLoaderBase.clearReferencesJdbc The web application [Xworkz_CommonModule_Poornima] registered the JDBC driver [com.mysql.cj.jdbc.Driver] but failed to unregister it when the web application was stopped. To prevent a memory leak, the JDBC Driver has been forcibly unregistered.
01-Jan-2025 06:54:12.057 WARNING [Thread-4] org.apache.catalina.loader.WebappClassLoaderBase.clearReferencesThreads The web application [Xworkz_CommonModule_Poornima] appears to have started a thread named [mysql-cj-abandoned-connection-cleanup] but has failed to stop it. This is very likely to create a memory leak. Stack trace of thread:
 java.lang.Object.wait(Native Method)
 java.lang.ref.ReferenceQueue.remove(ReferenceQueue.java:144)
 com.mysql.cj.jdbc.AbandonedConnectionCleanupThread.run(AbandonedConnectionCleanupThread.java:91)
 java.util.concurrent.ThreadPoolExecutor.runWorker(ThreadPoolExecutor.java:1149)
 java.util.concurrent.ThreadPoolExecutor$Worker.run(ThreadPoolExecutor.java:624)
 java.lang.Thread.run(Thread.java:748)
01-Jan-2025 06:54:12.076 INFO [Thread-4] org.apache.coyote.AbstractProtocol.stop Stopping ProtocolHandler ["http-nio-9999"]
01-Jan-2025 06:54:12.135 INFO [Thread-4] org.apache.coyote.AbstractProtocol.destroy Destroying ProtocolHandler ["http-nio-9999"]
01-Jan-2025 06:54:12.143 INFO [mysql-cj-abandoned-connection-cleanup] org.apache.catalina.loader.WebappClassLoaderBase.checkStateForResourceLoading Illegal access: this web application instance has been stopped already. Could not load []. The following stack trace is thrown for debugging purposes as well as to attempt to terminate the thread which caused the illegal access.
	java.lang.IllegalStateException: Illegal access: this web application instance has been stopped already. Could not load []. The following stack trace is thrown for debugging purposes as well as to attempt to terminate the thread which caused the illegal access.
		at org.apache.catalina.loader.WebappClassLoaderBase.checkStateForResourceLoading(WebappClassLoaderBase.java:1385)
		at org.apache.catalina.loader.WebappClassLoaderBase.getResource(WebappClassLoaderBase.java:1038)
		at com.mysql.cj.jdbc.AbandonedConnectionCleanupThread.checkThreadContextClassLoader(AbandonedConnectionCleanupThread.java:123)
		at com.mysql.cj.jdbc.AbandonedConnectionCleanupThread.run(AbandonedConnectionCleanupThread.java:90)
		at java.util.concurrent.ThreadPoolExecutor.runWorker(ThreadPoolExecutor.java:1149)
		at java.util.concurrent.ThreadPoolExecutor$Worker.run(ThreadPoolExecutor.java:624)
		at java.lang.Thread.run(Thread.java:748)
01-Jan-2025 06:55:15.791 INFO [main] org.apache.catalina.startup.VersionLoggerListener.log Server version name:   Apache Tomcat/9.0.38
01-Jan-2025 06:55:15.801 INFO [main] org.apache.catalina.startup.VersionLoggerListener.log Server built:          Sep 10 2020 08:20:30 UTC
01-Jan-2025 06:55:15.801 INFO [main] org.apache.catalina.startup.VersionLoggerListener.log Server version number: 9.0.38.0
01-Jan-2025 06:55:15.801 INFO [main] org.apache.catalina.startup.VersionLoggerListener.log OS Name:               Windows 10
01-Jan-2025 06:55:15.801 INFO [main] org.apache.catalina.startup.VersionLoggerListener.log OS Version:            10.0
01-Jan-2025 06:55:15.802 INFO [main] org.apache.catalina.startup.VersionLoggerListener.log Architecture:          amd64
01-Jan-2025 06:55:15.802 INFO [main] org.apache.catalina.startup.VersionLoggerListener.log Java Home:             C:\Program Files\Java\jdk1.8.0_261\jre
01-Jan-2025 06:55:15.802 INFO [main] org.apache.catalina.startup.VersionLoggerListener.log JVM Version:           1.8.0_261-b12
01-Jan-2025 06:55:15.802 INFO [main] org.apache.catalina.startup.VersionLoggerListener.log JVM Vendor:            Oracle Corporation
01-Jan-2025 06:55:15.802 INFO [main] org.apache.catalina.startup.VersionLoggerListener.log CATALINA_BASE:         C:\Users\ASUS\Desktop\Spring-Hibernate\Hibernate Applications\Xworkz_CommonModule_Poornima
01-Jan-2025 06:55:15.802 INFO [main] org.apache.catalina.startup.VersionLoggerListener.log CATALINA_HOME:         C:\Users\ASUS\Downloads\apache-tomcat-9.0.38-windows-x64\apache-tomcat-9.0.38
01-Jan-2025 06:55:15.807 INFO [main] org.apache.catalina.startup.VersionLoggerListener.log Command line argument: -Dcatalina.home=C:\Users\ASUS\Downloads\apache-tomcat-9.0.38-windows-x64\apache-tomcat-9.0.38
01-Jan-2025 06:55:15.807 INFO [main] org.apache.catalina.startup.VersionLoggerListener.log Command line argument: -Dcatalina.base=C:\Users\ASUS\Desktop\Spring-Hibernate\Hibernate Applications\Xworkz_CommonModule_Poornima
01-Jan-2025 06:55:15.807 INFO [main] org.apache.catalina.startup.VersionLoggerListener.log Command line argument: -Djava.io.tmpdir=C:\Users\ASUS\Desktop\Spring-Hibernate\Hibernate Applications\Xworkz_CommonModule_Poornima\temp
01-Jan-2025 06:55:15.808 INFO [main] org.apache.catalina.startup.VersionLoggerListener.log Command line argument: -Djava.util.logging.config.file=C:\Users\ASUS\Desktop\Spring-Hibernate\Hibernate Applications\Xworkz_CommonModule_Poornima\conf\logging.properties
01-Jan-2025 06:55:15.808 INFO [main] org.apache.catalina.startup.VersionLoggerListener.log Command line argument: -Djava.util.logging.manager=org.apache.juli.ClassLoaderLogManager
01-Jan-2025 06:55:15.808 INFO [main] org.apache.catalina.startup.VersionLoggerListener.log Command line argument: -javaagent:C:\Program Files\JetBrains\IntelliJ IDEA Community Edition 2024.3\lib\idea_rt.jar=63049:C:\Program Files\JetBrains\IntelliJ IDEA Community Edition 2024.3\bin
01-Jan-2025 06:55:15.808 INFO [main] org.apache.catalina.startup.VersionLoggerListener.log Command line argument: -Dfile.encoding=UTF-8
01-Jan-2025 06:55:15.816 INFO [main] org.apache.catalina.core.AprLifecycleListener.lifecycleEvent Loaded Apache Tomcat Native library [1.2.25] using APR version [1.7.0].
01-Jan-2025 06:55:15.816 INFO [main] org.apache.catalina.core.AprLifecycleListener.lifecycleEvent APR capabilities: IPv6 [true], sendfile [true], accept filters [false], random [true].
01-Jan-2025 06:55:15.816 INFO [main] org.apache.catalina.core.AprLifecycleListener.lifecycleEvent APR/OpenSSL configuration: useAprConnector [false], useOpenSSL [true]
01-Jan-2025 06:55:15.826 INFO [main] org.apache.catalina.core.AprLifecycleListener.initializeSSL OpenSSL successfully initialized [OpenSSL 1.1.1g  21 Apr 2020]
01-Jan-2025 06:55:16.963 INFO [main] org.apache.coyote.AbstractProtocol.init Initializing ProtocolHandler ["http-nio-9999"]
01-Jan-2025 06:55:17.301 INFO [main] org.apache.catalina.startup.Catalina.load Server initialization in [1939] milliseconds
01-Jan-2025 06:55:17.360 INFO [main] org.apache.catalina.core.StandardService.startInternal Starting service [Catalina]
01-Jan-2025 06:55:17.360 INFO [main] org.apache.catalina.core.StandardEngine.startInternal Starting Servlet engine: [Apache Tomcat/9.0.38]
01-Jan-2025 06:55:17.377 INFO [main] org.apache.catalina.startup.HostConfig.deployDescriptor Deploying deployment descriptor [C:\Users\ASUS\Desktop\Spring-Hibernate\Hibernate Applications\Xworkz_CommonModule_Poornima\conf\Catalina\localhost\IndianRailways.xml]
01-Jan-2025 06:55:18.073 INFO [main] org.apache.jasper.servlet.TldScanner.scanJars At least one JAR was scanned for TLDs yet contained no TLDs. Enable debug logging for this logger for a complete list of JARs that were scanned but no TLDs were found in them. Skipping unneeded JARs during scanning can improve startup time and JSP compilation time.
01-Jan-2025 06:55:18.168 INFO [main] org.apache.catalina.startup.HostConfig.deployDescriptor Deployment of deployment descriptor [C:\Users\ASUS\Desktop\Spring-Hibernate\Hibernate Applications\Xworkz_CommonModule_Poornima\conf\Catalina\localhost\IndianRailways.xml] has finished in [788] ms
01-Jan-2025 06:55:18.169 INFO [main] org.apache.catalina.startup.HostConfig.deployDescriptor Deploying deployment descriptor [C:\Users\ASUS\Desktop\Spring-Hibernate\Hibernate Applications\Xworkz_CommonModule_Poornima\conf\Catalina\localhost\Xworkz_CommonModule_Poornima.xml]
01-Jan-2025 06:55:26.371 INFO [main] org.apache.jasper.servlet.TldScanner.scanJars At least one JAR was scanned for TLDs yet contained no TLDs. Enable debug logging for this logger for a complete list of JARs that were scanned but no TLDs were found in them. Skipping unneeded JARs during scanning can improve startup time and JSP compilation time.
01-Jan-2025 06:55:43.555 INFO [main] org.apache.catalina.startup.HostConfig.deployDescriptor Deployment of deployment descriptor [C:\Users\ASUS\Desktop\Spring-Hibernate\Hibernate Applications\Xworkz_CommonModule_Poornima\conf\Catalina\localhost\Xworkz_CommonModule_Poornima.xml] has finished in [25,385] ms
01-Jan-2025 06:55:43.561 INFO [main] org.apache.coyote.AbstractProtocol.start Starting ProtocolHandler ["http-nio-9999"]
01-Jan-2025 06:55:43.576 INFO [main] org.apache.catalina.startup.Catalina.start Server startup in [26275] milliseconds
01-Jan-2025 07:00:31.336 INFO [Thread-4] org.apache.coyote.AbstractProtocol.pause Pausing ProtocolHandler ["http-nio-9999"]
01-Jan-2025 07:00:31.555 INFO [Thread-4] org.apache.catalina.core.StandardService.stopInternal Stopping service [Catalina]
01-Jan-2025 07:00:31.634 WARNING [Thread-4] org.apache.catalina.loader.WebappClassLoaderBase.clearReferencesJdbc The web application [Xworkz_CommonModule_Poornima] registered the JDBC driver [com.mysql.cj.jdbc.Driver] but failed to unregister it when the web application was stopped. To prevent a memory leak, the JDBC Driver has been forcibly unregistered.
01-Jan-2025 07:00:31.637 WARNING [Thread-4] org.apache.catalina.loader.WebappClassLoaderBase.clearReferencesThreads The web application [Xworkz_CommonModule_Poornima] appears to have started a thread named [mysql-cj-abandoned-connection-cleanup] but has failed to stop it. This is very likely to create a memory leak. Stack trace of thread:
 java.lang.Object.wait(Native Method)
 java.lang.ref.ReferenceQueue.remove(ReferenceQueue.java:144)
 com.mysql.cj.jdbc.AbandonedConnectionCleanupThread.run(AbandonedConnectionCleanupThread.java:91)
 java.util.concurrent.ThreadPoolExecutor.runWorker(ThreadPoolExecutor.java:1149)
 java.util.concurrent.ThreadPoolExecutor$Worker.run(ThreadPoolExecutor.java:624)
 java.lang.Thread.run(Thread.java:748)
01-Jan-2025 07:00:31.641 INFO [Thread-4] org.apache.coyote.AbstractProtocol.stop Stopping ProtocolHandler ["http-nio-9999"]
01-Jan-2025 07:00:31.668 INFO [Thread-4] org.apache.coyote.AbstractProtocol.destroy Destroying ProtocolHandler ["http-nio-9999"]
01-Jan-2025 07:03:08.093 INFO [main] org.apache.catalina.startup.VersionLoggerListener.log Server version name:   Apache Tomcat/9.0.38
01-Jan-2025 07:03:08.098 INFO [main] org.apache.catalina.startup.VersionLoggerListener.log Server built:          Sep 10 2020 08:20:30 UTC
01-Jan-2025 07:03:08.098 INFO [main] org.apache.catalina.startup.VersionLoggerListener.log Server version number: 9.0.38.0
01-Jan-2025 07:03:08.099 INFO [main] org.apache.catalina.startup.VersionLoggerListener.log OS Name:               Windows 10
01-Jan-2025 07:03:08.099 INFO [main] org.apache.catalina.startup.VersionLoggerListener.log OS Version:            10.0
01-Jan-2025 07:03:08.099 INFO [main] org.apache.catalina.startup.VersionLoggerListener.log Architecture:          amd64
01-Jan-2025 07:03:08.099 INFO [main] org.apache.catalina.startup.VersionLoggerListener.log Java Home:             C:\Program Files\Java\jdk1.8.0_261\jre
01-Jan-2025 07:03:08.099 INFO [main] org.apache.catalina.startup.VersionLoggerListener.log JVM Version:           1.8.0_261-b12
01-Jan-2025 07:03:08.100 INFO [main] org.apache.catalina.startup.VersionLoggerListener.log JVM Vendor:            Oracle Corporation
01-Jan-2025 07:03:08.100 INFO [main] org.apache.catalina.startup.VersionLoggerListener.log CATALINA_BASE:         C:\Users\ASUS\Desktop\Spring-Hibernate\Hibernate Applications\Xworkz_CommonModule_Poornima
01-Jan-2025 07:03:08.100 INFO [main] org.apache.catalina.startup.VersionLoggerListener.log CATALINA_HOME:         C:\Users\ASUS\Downloads\apache-tomcat-9.0.38-windows-x64\apache-tomcat-9.0.38
01-Jan-2025 07:03:08.104 INFO [main] org.apache.catalina.startup.VersionLoggerListener.log Command line argument: -Dcatalina.home=C:\Users\ASUS\Downloads\apache-tomcat-9.0.38-windows-x64\apache-tomcat-9.0.38
01-Jan-2025 07:03:08.104 INFO [main] org.apache.catalina.startup.VersionLoggerListener.log Command line argument: -Dcatalina.base=C:\Users\ASUS\Desktop\Spring-Hibernate\Hibernate Applications\Xworkz_CommonModule_Poornima
01-Jan-2025 07:03:08.105 INFO [main] org.apache.catalina.startup.VersionLoggerListener.log Command line argument: -Djava.io.tmpdir=C:\Users\ASUS\Desktop\Spring-Hibernate\Hibernate Applications\Xworkz_CommonModule_Poornima\temp
01-Jan-2025 07:03:08.105 INFO [main] org.apache.catalina.startup.VersionLoggerListener.log Command line argument: -Djava.util.logging.config.file=C:\Users\ASUS\Desktop\Spring-Hibernate\Hibernate Applications\Xworkz_CommonModule_Poornima\conf\logging.properties
01-Jan-2025 07:03:08.105 INFO [main] org.apache.catalina.startup.VersionLoggerListener.log Command line argument: -Djava.util.logging.manager=org.apache.juli.ClassLoaderLogManager
01-Jan-2025 07:03:08.105 INFO [main] org.apache.catalina.startup.VersionLoggerListener.log Command line argument: -javaagent:C:\Program Files\JetBrains\IntelliJ IDEA Community Edition 2024.3\lib\idea_rt.jar=63127:C:\Program Files\JetBrains\IntelliJ IDEA Community Edition 2024.3\bin
01-Jan-2025 07:03:08.105 INFO [main] org.apache.catalina.startup.VersionLoggerListener.log Command line argument: -Dfile.encoding=UTF-8
01-Jan-2025 07:03:08.117 INFO [main] org.apache.catalina.core.AprLifecycleListener.lifecycleEvent Loaded Apache Tomcat Native library [1.2.25] using APR version [1.7.0].
01-Jan-2025 07:03:08.117 INFO [main] org.apache.catalina.core.AprLifecycleListener.lifecycleEvent APR capabilities: IPv6 [true], sendfile [true], accept filters [false], random [true].
01-Jan-2025 07:03:08.118 INFO [main] org.apache.catalina.core.AprLifecycleListener.lifecycleEvent APR/OpenSSL configuration: useAprConnector [false], useOpenSSL [true]
01-Jan-2025 07:03:08.145 INFO [main] org.apache.catalina.core.AprLifecycleListener.initializeSSL OpenSSL successfully initialized [OpenSSL 1.1.1g  21 Apr 2020]
01-Jan-2025 07:03:08.991 INFO [main] org.apache.coyote.AbstractProtocol.init Initializing ProtocolHandler ["http-nio-9999"]
01-Jan-2025 07:03:09.408 INFO [main] org.apache.catalina.startup.Catalina.load Server initialization in [1772] milliseconds
01-Jan-2025 07:03:09.473 INFO [main] org.apache.catalina.core.StandardService.startInternal Starting service [Catalina]
01-Jan-2025 07:03:09.474 INFO [main] org.apache.catalina.core.StandardEngine.startInternal Starting Servlet engine: [Apache Tomcat/9.0.38]
01-Jan-2025 07:03:09.495 INFO [main] org.apache.catalina.startup.HostConfig.deployDescriptor Deploying deployment descriptor [C:\Users\ASUS\Desktop\Spring-Hibernate\Hibernate Applications\Xworkz_CommonModule_Poornima\conf\Catalina\localhost\IndianRailways.xml]
01-Jan-2025 07:03:10.542 INFO [main] org.apache.jasper.servlet.TldScanner.scanJars At least one JAR was scanned for TLDs yet contained no TLDs. Enable debug logging for this logger for a complete list of JARs that were scanned but no TLDs were found in them. Skipping unneeded JARs during scanning can improve startup time and JSP compilation time.
01-Jan-2025 07:03:10.631 INFO [main] org.apache.catalina.startup.HostConfig.deployDescriptor Deployment of deployment descriptor [C:\Users\ASUS\Desktop\Spring-Hibernate\Hibernate Applications\Xworkz_CommonModule_Poornima\conf\Catalina\localhost\IndianRailways.xml] has finished in [1,134] ms
01-Jan-2025 07:03:10.631 INFO [main] org.apache.catalina.startup.HostConfig.deployDescriptor Deploying deployment descriptor [C:\Users\ASUS\Desktop\Spring-Hibernate\Hibernate Applications\Xworkz_CommonModule_Poornima\conf\Catalina\localhost\Xworkz_CommonModule_Poornima.xml]
01-Jan-2025 07:03:18.879 INFO [main] org.apache.jasper.servlet.TldScanner.scanJars At least one JAR was scanned for TLDs yet contained no TLDs. Enable debug logging for this logger for a complete list of JARs that were scanned but no TLDs were found in them. Skipping unneeded JARs during scanning can improve startup time and JSP compilation time.
01-Jan-2025 07:03:35.685 INFO [main] org.apache.catalina.startup.HostConfig.deployDescriptor Deployment of deployment descriptor [C:\Users\ASUS\Desktop\Spring-Hibernate\Hibernate Applications\Xworkz_CommonModule_Poornima\conf\Catalina\localhost\Xworkz_CommonModule_Poornima.xml] has finished in [25,054] ms
01-Jan-2025 07:03:35.694 INFO [main] org.apache.coyote.AbstractProtocol.start Starting ProtocolHandler ["http-nio-9999"]
01-Jan-2025 07:03:35.711 INFO [main] org.apache.catalina.startup.Catalina.start Server startup in [26303] milliseconds
01-Jan-2025 07:06:24.988 INFO [Thread-4] org.apache.coyote.AbstractProtocol.pause Pausing ProtocolHandler ["http-nio-9999"]
01-Jan-2025 07:06:25.218 INFO [Thread-4] org.apache.catalina.core.StandardService.stopInternal Stopping service [Catalina]
01-Jan-2025 07:06:25.327 WARNING [Thread-4] org.apache.catalina.loader.WebappClassLoaderBase.clearReferencesJdbc The web application [Xworkz_CommonModule_Poornima] registered the JDBC driver [com.mysql.cj.jdbc.Driver] but failed to unregister it when the web application was stopped. To prevent a memory leak, the JDBC Driver has been forcibly unregistered.
01-Jan-2025 07:06:25.328 WARNING [Thread-4] org.apache.catalina.loader.WebappClassLoaderBase.clearReferencesThreads The web application [Xworkz_CommonModule_Poornima] appears to have started a thread named [mysql-cj-abandoned-connection-cleanup] but has failed to stop it. This is very likely to create a memory leak. Stack trace of thread:
 java.lang.Object.wait(Native Method)
 java.lang.ref.ReferenceQueue.remove(ReferenceQueue.java:144)
 com.mysql.cj.jdbc.AbandonedConnectionCleanupThread.run(AbandonedConnectionCleanupThread.java:91)
 java.util.concurrent.ThreadPoolExecutor.runWorker(ThreadPoolExecutor.java:1149)
 java.util.concurrent.ThreadPoolExecutor$Worker.run(ThreadPoolExecutor.java:624)
 java.lang.Thread.run(Thread.java:748)
01-Jan-2025 07:06:25.335 INFO [Thread-4] org.apache.coyote.AbstractProtocol.stop Stopping ProtocolHandler ["http-nio-9999"]
01-Jan-2025 07:06:25.399 INFO [Thread-4] org.apache.coyote.AbstractProtocol.destroy Destroying ProtocolHandler ["http-nio-9999"]
01-Jan-2025 07:06:38.019 INFO [main] org.apache.catalina.startup.VersionLoggerListener.log Server version name:   Apache Tomcat/9.0.38
01-Jan-2025 07:06:38.025 INFO [main] org.apache.catalina.startup.VersionLoggerListener.log Server built:          Sep 10 2020 08:20:30 UTC
01-Jan-2025 07:06:38.025 INFO [main] org.apache.catalina.startup.VersionLoggerListener.log Server version number: 9.0.38.0
01-Jan-2025 07:06:38.025 INFO [main] org.apache.catalina.startup.VersionLoggerListener.log OS Name:               Windows 10
01-Jan-2025 07:06:38.025 INFO [main] org.apache.catalina.startup.VersionLoggerListener.log OS Version:            10.0
01-Jan-2025 07:06:38.025 INFO [main] org.apache.catalina.startup.VersionLoggerListener.log Architecture:          amd64
01-Jan-2025 07:06:38.026 INFO [main] org.apache.catalina.startup.VersionLoggerListener.log Java Home:             C:\Program Files\Java\jdk1.8.0_261\jre
01-Jan-2025 07:06:38.026 INFO [main] org.apache.catalina.startup.VersionLoggerListener.log JVM Version:           1.8.0_261-b12
01-Jan-2025 07:06:38.026 INFO [main] org.apache.catalina.startup.VersionLoggerListener.log JVM Vendor:            Oracle Corporation
01-Jan-2025 07:06:38.026 INFO [main] org.apache.catalina.startup.VersionLoggerListener.log CATALINA_BASE:         C:\Users\ASUS\Desktop\Spring-Hibernate\Hibernate Applications\Xworkz_CommonModule_Poornima
01-Jan-2025 07:06:38.026 INFO [main] org.apache.catalina.startup.VersionLoggerListener.log CATALINA_HOME:         C:\Users\ASUS\Downloads\apache-tomcat-9.0.38-windows-x64\apache-tomcat-9.0.38
01-Jan-2025 07:06:38.032 INFO [main] org.apache.catalina.startup.VersionLoggerListener.log Command line argument: -Dcatalina.home=C:\Users\ASUS\Downloads\apache-tomcat-9.0.38-windows-x64\apache-tomcat-9.0.38
01-Jan-2025 07:06:38.032 INFO [main] org.apache.catalina.startup.VersionLoggerListener.log Command line argument: -Dcatalina.base=C:\Users\ASUS\Desktop\Spring-Hibernate\Hibernate Applications\Xworkz_CommonModule_Poornima
01-Jan-2025 07:06:38.032 INFO [main] org.apache.catalina.startup.VersionLoggerListener.log Command line argument: -Djava.io.tmpdir=C:\Users\ASUS\Desktop\Spring-Hibernate\Hibernate Applications\Xworkz_CommonModule_Poornima\temp
01-Jan-2025 07:06:38.032 INFO [main] org.apache.catalina.startup.VersionLoggerListener.log Command line argument: -Djava.util.logging.config.file=C:\Users\ASUS\Desktop\Spring-Hibernate\Hibernate Applications\Xworkz_CommonModule_Poornima\conf\logging.properties
01-Jan-2025 07:06:38.032 INFO [main] org.apache.catalina.startup.VersionLoggerListener.log Command line argument: -Djava.util.logging.manager=org.apache.juli.ClassLoaderLogManager
01-Jan-2025 07:06:38.032 INFO [main] org.apache.catalina.startup.VersionLoggerListener.log Command line argument: -javaagent:C:\Program Files\JetBrains\IntelliJ IDEA Community Edition 2024.3\lib\idea_rt.jar=63183:C:\Program Files\JetBrains\IntelliJ IDEA Community Edition 2024.3\bin
01-Jan-2025 07:06:38.033 INFO [main] org.apache.catalina.startup.VersionLoggerListener.log Command line argument: -Dfile.encoding=UTF-8
01-Jan-2025 07:06:38.042 INFO [main] org.apache.catalina.core.AprLifecycleListener.lifecycleEvent Loaded Apache Tomcat Native library [1.2.25] using APR version [1.7.0].
01-Jan-2025 07:06:38.042 INFO [main] org.apache.catalina.core.AprLifecycleListener.lifecycleEvent APR capabilities: IPv6 [true], sendfile [true], accept filters [false], random [true].
01-Jan-2025 07:06:38.042 INFO [main] org.apache.catalina.core.AprLifecycleListener.lifecycleEvent APR/OpenSSL configuration: useAprConnector [false], useOpenSSL [true]
01-Jan-2025 07:06:38.063 INFO [main] org.apache.catalina.core.AprLifecycleListener.initializeSSL OpenSSL successfully initialized [OpenSSL 1.1.1g  21 Apr 2020]
01-Jan-2025 07:06:38.888 INFO [main] org.apache.coyote.AbstractProtocol.init Initializing ProtocolHandler ["http-nio-9999"]
01-Jan-2025 07:06:39.258 INFO [main] org.apache.catalina.startup.Catalina.load Server initialization in [1626] milliseconds
01-Jan-2025 07:06:39.307 INFO [main] org.apache.catalina.core.StandardService.startInternal Starting service [Catalina]
01-Jan-2025 07:06:39.308 INFO [main] org.apache.catalina.core.StandardEngine.startInternal Starting Servlet engine: [Apache Tomcat/9.0.38]
01-Jan-2025 07:06:39.325 INFO [main] org.apache.catalina.startup.HostConfig.deployDescriptor Deploying deployment descriptor [C:\Users\ASUS\Desktop\Spring-Hibernate\Hibernate Applications\Xworkz_CommonModule_Poornima\conf\Catalina\localhost\IndianRailways.xml]
01-Jan-2025 07:06:39.993 INFO [main] org.apache.jasper.servlet.TldScanner.scanJars At least one JAR was scanned for TLDs yet contained no TLDs. Enable debug logging for this logger for a complete list of JARs that were scanned but no TLDs were found in them. Skipping unneeded JARs during scanning can improve startup time and JSP compilation time.
01-Jan-2025 07:06:40.076 INFO [main] org.apache.catalina.startup.HostConfig.deployDescriptor Deployment of deployment descriptor [C:\Users\ASUS\Desktop\Spring-Hibernate\Hibernate Applications\Xworkz_CommonModule_Poornima\conf\Catalina\localhost\IndianRailways.xml] has finished in [751] ms
01-Jan-2025 07:06:40.077 INFO [main] org.apache.catalina.startup.HostConfig.deployDescriptor Deploying deployment descriptor [C:\Users\ASUS\Desktop\Spring-Hibernate\Hibernate Applications\Xworkz_CommonModule_Poornima\conf\Catalina\localhost\Xworkz_CommonModule_Poornima.xml]
01-Jan-2025 07:06:48.096 INFO [main] org.apache.jasper.servlet.TldScanner.scanJars At least one JAR was scanned for TLDs yet contained no TLDs. Enable debug logging for this logger for a complete list of JARs that were scanned but no TLDs were found in them. Skipping unneeded JARs during scanning can improve startup time and JSP compilation time.
01-Jan-2025 07:07:04.752 INFO [main] org.apache.catalina.startup.HostConfig.deployDescriptor Deployment of deployment descriptor [C:\Users\ASUS\Desktop\Spring-Hibernate\Hibernate Applications\Xworkz_CommonModule_Poornima\conf\Catalina\localhost\Xworkz_CommonModule_Poornima.xml] has finished in [24,674] ms
01-Jan-2025 07:07:04.758 INFO [main] org.apache.coyote.AbstractProtocol.start Starting ProtocolHandler ["http-nio-9999"]
01-Jan-2025 07:07:04.774 INFO [main] org.apache.catalina.startup.Catalina.start Server startup in [25516] milliseconds
01-Jan-2025 07:11:44.690 INFO [Thread-4] org.apache.coyote.AbstractProtocol.pause Pausing ProtocolHandler ["http-nio-9999"]
01-Jan-2025 07:11:44.925 INFO [Thread-4] org.apache.catalina.core.StandardService.stopInternal Stopping service [Catalina]
01-Jan-2025 07:11:45.022 WARNING [Thread-4] org.apache.catalina.loader.WebappClassLoaderBase.clearReferencesJdbc The web application [Xworkz_CommonModule_Poornima] registered the JDBC driver [com.mysql.cj.jdbc.Driver] but failed to unregister it when the web application was stopped. To prevent a memory leak, the JDBC Driver has been forcibly unregistered.
01-Jan-2025 07:11:45.025 WARNING [Thread-4] org.apache.catalina.loader.WebappClassLoaderBase.clearReferencesThreads The web application [Xworkz_CommonModule_Poornima] appears to have started a thread named [mysql-cj-abandoned-connection-cleanup] but has failed to stop it. This is very likely to create a memory leak. Stack trace of thread:
 java.lang.Object.wait(Native Method)
 java.lang.ref.ReferenceQueue.remove(ReferenceQueue.java:144)
 com.mysql.cj.jdbc.AbandonedConnectionCleanupThread.run(AbandonedConnectionCleanupThread.java:91)
 java.util.concurrent.ThreadPoolExecutor.runWorker(ThreadPoolExecutor.java:1149)
 java.util.concurrent.ThreadPoolExecutor$Worker.run(ThreadPoolExecutor.java:624)
 java.lang.Thread.run(Thread.java:748)
01-Jan-2025 07:11:45.035 INFO [Thread-4] org.apache.coyote.AbstractProtocol.stop Stopping ProtocolHandler ["http-nio-9999"]
01-Jan-2025 07:11:45.103 INFO [Thread-4] org.apache.coyote.AbstractProtocol.destroy Destroying ProtocolHandler ["http-nio-9999"]
01-Jan-2025 07:11:58.482 INFO [main] org.apache.catalina.startup.VersionLoggerListener.log Server version name:   Apache Tomcat/9.0.38
01-Jan-2025 07:11:58.488 INFO [main] org.apache.catalina.startup.VersionLoggerListener.log Server built:          Sep 10 2020 08:20:30 UTC
01-Jan-2025 07:11:58.488 INFO [main] org.apache.catalina.startup.VersionLoggerListener.log Server version number: 9.0.38.0
01-Jan-2025 07:11:58.488 INFO [main] org.apache.catalina.startup.VersionLoggerListener.log OS Name:               Windows 10
01-Jan-2025 07:11:58.488 INFO [main] org.apache.catalina.startup.VersionLoggerListener.log OS Version:            10.0
01-Jan-2025 07:11:58.488 INFO [main] org.apache.catalina.startup.VersionLoggerListener.log Architecture:          amd64
01-Jan-2025 07:11:58.489 INFO [main] org.apache.catalina.startup.VersionLoggerListener.log Java Home:             C:\Program Files\Java\jdk1.8.0_261\jre
01-Jan-2025 07:11:58.489 INFO [main] org.apache.catalina.startup.VersionLoggerListener.log JVM Version:           1.8.0_261-b12
01-Jan-2025 07:11:58.489 INFO [main] org.apache.catalina.startup.VersionLoggerListener.log JVM Vendor:            Oracle Corporation
01-Jan-2025 07:11:58.489 INFO [main] org.apache.catalina.startup.VersionLoggerListener.log CATALINA_BASE:         C:\Users\ASUS\Desktop\Spring-Hibernate\Hibernate Applications\Xworkz_CommonModule_Poornima
01-Jan-2025 07:11:58.489 INFO [main] org.apache.catalina.startup.VersionLoggerListener.log CATALINA_HOME:         C:\Users\ASUS\Downloads\apache-tomcat-9.0.38-windows-x64\apache-tomcat-9.0.38
01-Jan-2025 07:11:58.494 INFO [main] org.apache.catalina.startup.VersionLoggerListener.log Command line argument: -agentlib:jdwp=transport=dt_socket,address=127.0.0.1:63230,suspend=y,server=n
01-Jan-2025 07:11:58.494 INFO [main] org.apache.catalina.startup.VersionLoggerListener.log Command line argument: -Dcatalina.home=C:\Users\ASUS\Downloads\apache-tomcat-9.0.38-windows-x64\apache-tomcat-9.0.38
01-Jan-2025 07:11:58.494 INFO [main] org.apache.catalina.startup.VersionLoggerListener.log Command line argument: -Dcatalina.base=C:\Users\ASUS\Desktop\Spring-Hibernate\Hibernate Applications\Xworkz_CommonModule_Poornima
01-Jan-2025 07:11:58.494 INFO [main] org.apache.catalina.startup.VersionLoggerListener.log Command line argument: -Djava.io.tmpdir=C:\Users\ASUS\Desktop\Spring-Hibernate\Hibernate Applications\Xworkz_CommonModule_Poornima\temp
01-Jan-2025 07:11:58.494 INFO [main] org.apache.catalina.startup.VersionLoggerListener.log Command line argument: -Djava.util.logging.config.file=C:\Users\ASUS\Desktop\Spring-Hibernate\Hibernate Applications\Xworkz_CommonModule_Poornima\conf\logging.properties
01-Jan-2025 07:11:58.495 INFO [main] org.apache.catalina.startup.VersionLoggerListener.log Command line argument: -Djava.util.logging.manager=org.apache.juli.ClassLoaderLogManager
01-Jan-2025 07:11:58.495 INFO [main] org.apache.catalina.startup.VersionLoggerListener.log Command line argument: -javaagent:C:\Users\ASUS\AppData\Local\JetBrains\IdeaIC2024.3\captureAgent\debugger-agent.jar
01-Jan-2025 07:11:58.495 INFO [main] org.apache.catalina.startup.VersionLoggerListener.log Command line argument: -Dkotlinx.coroutines.debug.enable.creation.stack.trace=false
01-Jan-2025 07:11:58.495 INFO [main] org.apache.catalina.startup.VersionLoggerListener.log Command line argument: -Ddebugger.agent.enable.coroutines=true
01-Jan-2025 07:11:58.495 INFO [main] org.apache.catalina.startup.VersionLoggerListener.log Command line argument: -Dkotlinx.coroutines.debug.enable.flows.stack.trace=true
01-Jan-2025 07:11:58.495 INFO [main] org.apache.catalina.startup.VersionLoggerListener.log Command line argument: -Dkotlinx.coroutines.debug.enable.mutable.state.flows.stack.trace=true
01-Jan-2025 07:11:58.496 INFO [main] org.apache.catalina.startup.VersionLoggerListener.log Command line argument: -Dfile.encoding=UTF-8
01-Jan-2025 07:11:58.508 INFO [main] org.apache.catalina.core.AprLifecycleListener.lifecycleEvent Loaded Apache Tomcat Native library [1.2.25] using APR version [1.7.0].
01-Jan-2025 07:11:58.508 INFO [main] org.apache.catalina.core.AprLifecycleListener.lifecycleEvent APR capabilities: IPv6 [true], sendfile [true], accept filters [false], random [true].
01-Jan-2025 07:11:58.508 INFO [main] org.apache.catalina.core.AprLifecycleListener.lifecycleEvent APR/OpenSSL configuration: useAprConnector [false], useOpenSSL [true]
01-Jan-2025 07:11:58.533 INFO [main] org.apache.catalina.core.AprLifecycleListener.initializeSSL OpenSSL successfully initialized [OpenSSL 1.1.1g  21 Apr 2020]
01-Jan-2025 07:11:59.496 INFO [main] org.apache.coyote.AbstractProtocol.init Initializing ProtocolHandler ["http-nio-9999"]
01-Jan-2025 07:11:59.864 INFO [main] org.apache.catalina.startup.Catalina.load Server initialization in [1869] milliseconds
01-Jan-2025 07:11:59.933 INFO [main] org.apache.catalina.core.StandardService.startInternal Starting service [Catalina]
01-Jan-2025 07:11:59.934 INFO [main] org.apache.catalina.core.StandardEngine.startInternal Starting Servlet engine: [Apache Tomcat/9.0.38]
01-Jan-2025 07:11:59.958 INFO [main] org.apache.catalina.startup.HostConfig.deployDescriptor Deploying deployment descriptor [C:\Users\ASUS\Desktop\Spring-Hibernate\Hibernate Applications\Xworkz_CommonModule_Poornima\conf\Catalina\localhost\IndianRailways.xml]
01-Jan-2025 07:12:00.869 INFO [main] org.apache.jasper.servlet.TldScanner.scanJars At least one JAR was scanned for TLDs yet contained no TLDs. Enable debug logging for this logger for a complete list of JARs that were scanned but no TLDs were found in them. Skipping unneeded JARs during scanning can improve startup time and JSP compilation time.
01-Jan-2025 07:12:00.970 INFO [main] org.apache.catalina.startup.HostConfig.deployDescriptor Deployment of deployment descriptor [C:\Users\ASUS\Desktop\Spring-Hibernate\Hibernate Applications\Xworkz_CommonModule_Poornima\conf\Catalina\localhost\IndianRailways.xml] has finished in [1,011] ms
01-Jan-2025 07:12:00.970 INFO [main] org.apache.catalina.startup.HostConfig.deployDescriptor Deploying deployment descriptor [C:\Users\ASUS\Desktop\Spring-Hibernate\Hibernate Applications\Xworkz_CommonModule_Poornima\conf\Catalina\localhost\Xworkz_CommonModule_Poornima.xml]
01-Jan-2025 07:12:08.808 INFO [main] org.apache.jasper.servlet.TldScanner.scanJars At least one JAR was scanned for TLDs yet contained no TLDs. Enable debug logging for this logger for a complete list of JARs that were scanned but no TLDs were found in them. Skipping unneeded JARs during scanning can improve startup time and JSP compilation time.
01-Jan-2025 07:12:27.970 INFO [main] org.apache.catalina.startup.HostConfig.deployDescriptor Deployment of deployment descriptor [C:\Users\ASUS\Desktop\Spring-Hibernate\Hibernate Applications\Xworkz_CommonModule_Poornima\conf\Catalina\localhost\Xworkz_CommonModule_Poornima.xml] has finished in [26,999] ms
01-Jan-2025 07:12:28.005 INFO [main] org.apache.coyote.AbstractProtocol.start Starting ProtocolHandler ["http-nio-9999"]
01-Jan-2025 07:12:28.059 INFO [main] org.apache.catalina.startup.Catalina.start Server startup in [28195] milliseconds
01-Jan-2025 07:22:22.562 INFO [Thread-4] org.apache.coyote.AbstractProtocol.pause Pausing ProtocolHandler ["http-nio-9999"]
01-Jan-2025 07:22:22.796 INFO [Thread-4] org.apache.catalina.core.StandardService.stopInternal Stopping service [Catalina]
01-Jan-2025 07:22:23.037 WARNING [Thread-4] org.apache.catalina.loader.WebappClassLoaderBase.clearReferencesJdbc The web application [Xworkz_CommonModule_Poornima] registered the JDBC driver [com.mysql.cj.jdbc.Driver] but failed to unregister it when the web application was stopped. To prevent a memory leak, the JDBC Driver has been forcibly unregistered.
01-Jan-2025 07:22:23.039 WARNING [Thread-4] org.apache.catalina.loader.WebappClassLoaderBase.clearReferencesThreads The web application [Xworkz_CommonModule_Poornima] appears to have started a thread named [mysql-cj-abandoned-connection-cleanup] but has failed to stop it. This is very likely to create a memory leak. Stack trace of thread:
 java.lang.Object.wait(Native Method)
 java.lang.ref.ReferenceQueue.remove(ReferenceQueue.java:144)
 com.mysql.cj.jdbc.AbandonedConnectionCleanupThread.run(AbandonedConnectionCleanupThread.java:91)
 java.util.concurrent.ThreadPoolExecutor.runWorker(ThreadPoolExecutor.java:1149)
 java.util.concurrent.ThreadPoolExecutor$Worker.run(ThreadPoolExecutor.java:624)
 java.lang.Thread.run(Thread.java:748)
01-Jan-2025 07:22:23.101 INFO [Thread-4] org.apache.coyote.AbstractProtocol.stop Stopping ProtocolHandler ["http-nio-9999"]
01-Jan-2025 07:22:23.169 INFO [Thread-4] org.apache.coyote.AbstractProtocol.destroy Destroying ProtocolHandler ["http-nio-9999"]
