25-Dec-2024 09:20:49.816 INFO [main] org.apache.catalina.startup.VersionLoggerListener.log Server version name:   Apache Tomcat/9.0.38
25-Dec-2024 09:20:49.821 INFO [main] org.apache.catalina.startup.VersionLoggerListener.log Server built:          Sep 10 2020 08:20:30 UTC
25-Dec-2024 09:20:49.821 INFO [main] org.apache.catalina.startup.VersionLoggerListener.log Server version number: 9.0.38.0
25-Dec-2024 09:20:49.821 INFO [main] org.apache.catalina.startup.VersionLoggerListener.log OS Name:               Windows 10
25-Dec-2024 09:20:49.821 INFO [main] org.apache.catalina.startup.VersionLoggerListener.log OS Version:            10.0
25-Dec-2024 09:20:49.821 INFO [main] org.apache.catalina.startup.VersionLoggerListener.log Architecture:          amd64
25-Dec-2024 09:20:49.821 INFO [main] org.apache.catalina.startup.VersionLoggerListener.log Java Home:             C:\Program Files\Java\jdk1.8.0_261\jre
25-Dec-2024 09:20:49.821 INFO [main] org.apache.catalina.startup.VersionLoggerListener.log JVM Version:           1.8.0_261-b12
25-Dec-2024 09:20:49.821 INFO [main] org.apache.catalina.startup.VersionLoggerListener.log JVM Vendor:            Oracle Corporation
25-Dec-2024 09:20:49.822 INFO [main] org.apache.catalina.startup.VersionLoggerListener.log CATALINA_BASE:         C:\Users\ASUS\Desktop\Spring-Hibernate\Hibernate Applications\Xworkz_CommonModule_Poornima
25-Dec-2024 09:20:49.822 INFO [main] org.apache.catalina.startup.VersionLoggerListener.log CATALINA_HOME:         C:\Users\ASUS\Downloads\apache-tomcat-9.0.38-windows-x64\apache-tomcat-9.0.38
25-Dec-2024 09:20:49.826 INFO [main] org.apache.catalina.startup.VersionLoggerListener.log Command line argument: -Dcatalina.home=C:\Users\ASUS\Downloads\apache-tomcat-9.0.38-windows-x64\apache-tomcat-9.0.38
25-Dec-2024 09:20:49.826 INFO [main] org.apache.catalina.startup.VersionLoggerListener.log Command line argument: -Dcatalina.base=C:\Users\ASUS\Desktop\Spring-Hibernate\Hibernate Applications\Xworkz_CommonModule_Poornima
25-Dec-2024 09:20:49.827 INFO [main] org.apache.catalina.startup.VersionLoggerListener.log Command line argument: -Djava.io.tmpdir=C:\Users\ASUS\Desktop\Spring-Hibernate\Hibernate Applications\Xworkz_CommonModule_Poornima\temp
25-Dec-2024 09:20:49.827 INFO [main] org.apache.catalina.startup.VersionLoggerListener.log Command line argument: -Djava.util.logging.config.file=C:\Users\ASUS\Desktop\Spring-Hibernate\Hibernate Applications\Xworkz_CommonModule_Poornima\conf\logging.properties
25-Dec-2024 09:20:49.827 INFO [main] org.apache.catalina.startup.VersionLoggerListener.log Command line argument: -Djava.util.logging.manager=org.apache.juli.ClassLoaderLogManager
25-Dec-2024 09:20:49.827 INFO [main] org.apache.catalina.startup.VersionLoggerListener.log Command line argument: -javaagent:C:\Program Files\JetBrains\IntelliJ IDEA Community Edition 2024.3\lib\idea_rt.jar=58012:C:\Program Files\JetBrains\IntelliJ IDEA Community Edition 2024.3\bin
25-Dec-2024 09:20:49.827 INFO [main] org.apache.catalina.startup.VersionLoggerListener.log Command line argument: -Dfile.encoding=UTF-8
25-Dec-2024 09:20:49.838 INFO [main] org.apache.catalina.core.AprLifecycleListener.lifecycleEvent Loaded Apache Tomcat Native library [1.2.25] using APR version [1.7.0].
25-Dec-2024 09:20:49.839 INFO [main] org.apache.catalina.core.AprLifecycleListener.lifecycleEvent APR capabilities: IPv6 [true], sendfile [true], accept filters [false], random [true].
25-Dec-2024 09:20:49.839 INFO [main] org.apache.catalina.core.AprLifecycleListener.lifecycleEvent APR/OpenSSL configuration: useAprConnector [false], useOpenSSL [true]
25-Dec-2024 09:20:49.865 INFO [main] org.apache.catalina.core.AprLifecycleListener.initializeSSL OpenSSL successfully initialized [OpenSSL 1.1.1g  21 Apr 2020]
25-Dec-2024 09:20:50.706 INFO [main] org.apache.coyote.AbstractProtocol.init Initializing ProtocolHandler ["http-nio-9999"]
25-Dec-2024 09:20:51.027 INFO [main] org.apache.catalina.startup.Catalina.load Server initialization in [1706] milliseconds
25-Dec-2024 09:20:51.074 INFO [main] org.apache.catalina.core.StandardService.startInternal Starting service [Catalina]
25-Dec-2024 09:20:51.074 INFO [main] org.apache.catalina.core.StandardEngine.startInternal Starting Servlet engine: [Apache Tomcat/9.0.38]
25-Dec-2024 09:20:51.093 INFO [main] org.apache.catalina.startup.HostConfig.deployDescriptor Deploying deployment descriptor [C:\Users\ASUS\Desktop\Spring-Hibernate\Hibernate Applications\Xworkz_CommonModule_Poornima\conf\Catalina\localhost\IndianRailways.xml]
25-Dec-2024 09:20:51.969 INFO [main] org.apache.jasper.servlet.TldScanner.scanJars At least one JAR was scanned for TLDs yet contained no TLDs. Enable debug logging for this logger for a complete list of JARs that were scanned but no TLDs were found in them. Skipping unneeded JARs during scanning can improve startup time and JSP compilation time.
25-Dec-2024 09:20:52.050 INFO [main] org.apache.catalina.startup.HostConfig.deployDescriptor Deployment of deployment descriptor [C:\Users\ASUS\Desktop\Spring-Hibernate\Hibernate Applications\Xworkz_CommonModule_Poornima\conf\Catalina\localhost\IndianRailways.xml] has finished in [956] ms
25-Dec-2024 09:20:52.051 INFO [main] org.apache.catalina.startup.HostConfig.deployDescriptor Deploying deployment descriptor [C:\Users\ASUS\Desktop\Spring-Hibernate\Hibernate Applications\Xworkz_CommonModule_Poornima\conf\Catalina\localhost\Xworkz_CommonModule_Poornima.xml]
25-Dec-2024 09:20:59.396 INFO [main] org.apache.jasper.servlet.TldScanner.scanJars At least one JAR was scanned for TLDs yet contained no TLDs. Enable debug logging for this logger for a complete list of JARs that were scanned but no TLDs were found in them. Skipping unneeded JARs during scanning can improve startup time and JSP compilation time.
25-Dec-2024 09:21:13.615 INFO [main] org.apache.catalina.startup.HostConfig.deployDescriptor Deployment of deployment descriptor [C:\Users\ASUS\Desktop\Spring-Hibernate\Hibernate Applications\Xworkz_CommonModule_Poornima\conf\Catalina\localhost\Xworkz_CommonModule_Poornima.xml] has finished in [21,565] ms
25-Dec-2024 09:21:13.622 INFO [main] org.apache.coyote.AbstractProtocol.start Starting ProtocolHandler ["http-nio-9999"]
25-Dec-2024 09:21:13.640 INFO [main] org.apache.catalina.startup.Catalina.start Server startup in [22612] milliseconds
25-Dec-2024 09:28:48.247 INFO [Thread-4] org.apache.coyote.AbstractProtocol.pause Pausing ProtocolHandler ["http-nio-9999"]
25-Dec-2024 09:28:48.501 INFO [Thread-4] org.apache.catalina.core.StandardService.stopInternal Stopping service [Catalina]
25-Dec-2024 09:28:48.620 WARNING [Thread-4] org.apache.catalina.loader.WebappClassLoaderBase.clearReferencesJdbc The web application [Xworkz_CommonModule_Poornima] registered the JDBC driver [com.mysql.cj.jdbc.Driver] but failed to unregister it when the web application was stopped. To prevent a memory leak, the JDBC Driver has been forcibly unregistered.
25-Dec-2024 09:28:48.622 WARNING [Thread-4] org.apache.catalina.loader.WebappClassLoaderBase.clearReferencesThreads The web application [Xworkz_CommonModule_Poornima] appears to have started a thread named [mysql-cj-abandoned-connection-cleanup] but has failed to stop it. This is very likely to create a memory leak. Stack trace of thread:
 java.lang.Object.wait(Native Method)
 java.lang.ref.ReferenceQueue.remove(ReferenceQueue.java:144)
 com.mysql.cj.jdbc.AbandonedConnectionCleanupThread.run(AbandonedConnectionCleanupThread.java:91)
 java.util.concurrent.ThreadPoolExecutor.runWorker(ThreadPoolExecutor.java:1149)
 java.util.concurrent.ThreadPoolExecutor$Worker.run(ThreadPoolExecutor.java:624)
 java.lang.Thread.run(Thread.java:748)
25-Dec-2024 09:28:48.631 INFO [Thread-4] org.apache.coyote.AbstractProtocol.stop Stopping ProtocolHandler ["http-nio-9999"]
25-Dec-2024 09:28:48.673 INFO [Thread-4] org.apache.coyote.AbstractProtocol.destroy Destroying ProtocolHandler ["http-nio-9999"]
25-Dec-2024 09:28:59.947 INFO [main] org.apache.catalina.startup.VersionLoggerListener.log Server version name:   Apache Tomcat/9.0.38
25-Dec-2024 09:28:59.951 INFO [main] org.apache.catalina.startup.VersionLoggerListener.log Server built:          Sep 10 2020 08:20:30 UTC
25-Dec-2024 09:28:59.951 INFO [main] org.apache.catalina.startup.VersionLoggerListener.log Server version number: 9.0.38.0
25-Dec-2024 09:28:59.952 INFO [main] org.apache.catalina.startup.VersionLoggerListener.log OS Name:               Windows 10
25-Dec-2024 09:28:59.952 INFO [main] org.apache.catalina.startup.VersionLoggerListener.log OS Version:            10.0
25-Dec-2024 09:28:59.952 INFO [main] org.apache.catalina.startup.VersionLoggerListener.log Architecture:          amd64
25-Dec-2024 09:28:59.952 INFO [main] org.apache.catalina.startup.VersionLoggerListener.log Java Home:             C:\Program Files\Java\jdk1.8.0_261\jre
25-Dec-2024 09:28:59.952 INFO [main] org.apache.catalina.startup.VersionLoggerListener.log JVM Version:           1.8.0_261-b12
25-Dec-2024 09:28:59.952 INFO [main] org.apache.catalina.startup.VersionLoggerListener.log JVM Vendor:            Oracle Corporation
25-Dec-2024 09:28:59.952 INFO [main] org.apache.catalina.startup.VersionLoggerListener.log CATALINA_BASE:         C:\Users\ASUS\Desktop\Spring-Hibernate\Hibernate Applications\Xworkz_CommonModule_Poornima
25-Dec-2024 09:28:59.953 INFO [main] org.apache.catalina.startup.VersionLoggerListener.log CATALINA_HOME:         C:\Users\ASUS\Downloads\apache-tomcat-9.0.38-windows-x64\apache-tomcat-9.0.38
25-Dec-2024 09:28:59.957 INFO [main] org.apache.catalina.startup.VersionLoggerListener.log Command line argument: -Dcatalina.home=C:\Users\ASUS\Downloads\apache-tomcat-9.0.38-windows-x64\apache-tomcat-9.0.38
25-Dec-2024 09:28:59.957 INFO [main] org.apache.catalina.startup.VersionLoggerListener.log Command line argument: -Dcatalina.base=C:\Users\ASUS\Desktop\Spring-Hibernate\Hibernate Applications\Xworkz_CommonModule_Poornima
25-Dec-2024 09:28:59.957 INFO [main] org.apache.catalina.startup.VersionLoggerListener.log Command line argument: -Djava.io.tmpdir=C:\Users\ASUS\Desktop\Spring-Hibernate\Hibernate Applications\Xworkz_CommonModule_Poornima\temp
25-Dec-2024 09:28:59.958 INFO [main] org.apache.catalina.startup.VersionLoggerListener.log Command line argument: -Djava.util.logging.config.file=C:\Users\ASUS\Desktop\Spring-Hibernate\Hibernate Applications\Xworkz_CommonModule_Poornima\conf\logging.properties
25-Dec-2024 09:28:59.958 INFO [main] org.apache.catalina.startup.VersionLoggerListener.log Command line argument: -Djava.util.logging.manager=org.apache.juli.ClassLoaderLogManager
25-Dec-2024 09:28:59.958 INFO [main] org.apache.catalina.startup.VersionLoggerListener.log Command line argument: -javaagent:C:\Program Files\JetBrains\IntelliJ IDEA Community Edition 2024.3\lib\idea_rt.jar=58169:C:\Program Files\JetBrains\IntelliJ IDEA Community Edition 2024.3\bin
25-Dec-2024 09:28:59.958 INFO [main] org.apache.catalina.startup.VersionLoggerListener.log Command line argument: -Dfile.encoding=UTF-8
25-Dec-2024 09:28:59.966 INFO [main] org.apache.catalina.core.AprLifecycleListener.lifecycleEvent Loaded Apache Tomcat Native library [1.2.25] using APR version [1.7.0].
25-Dec-2024 09:28:59.966 INFO [main] org.apache.catalina.core.AprLifecycleListener.lifecycleEvent APR capabilities: IPv6 [true], sendfile [true], accept filters [false], random [true].
25-Dec-2024 09:28:59.966 INFO [main] org.apache.catalina.core.AprLifecycleListener.lifecycleEvent APR/OpenSSL configuration: useAprConnector [false], useOpenSSL [true]
25-Dec-2024 09:28:59.977 INFO [main] org.apache.catalina.core.AprLifecycleListener.initializeSSL OpenSSL successfully initialized [OpenSSL 1.1.1g  21 Apr 2020]
25-Dec-2024 09:29:00.811 INFO [main] org.apache.coyote.AbstractProtocol.init Initializing ProtocolHandler ["http-nio-9999"]
25-Dec-2024 09:29:01.163 INFO [main] org.apache.catalina.startup.Catalina.load Server initialization in [1616] milliseconds
25-Dec-2024 09:29:01.211 INFO [main] org.apache.catalina.core.StandardService.startInternal Starting service [Catalina]
25-Dec-2024 09:29:01.211 INFO [main] org.apache.catalina.core.StandardEngine.startInternal Starting Servlet engine: [Apache Tomcat/9.0.38]
25-Dec-2024 09:29:01.230 INFO [main] org.apache.catalina.startup.HostConfig.deployDescriptor Deploying deployment descriptor [C:\Users\ASUS\Desktop\Spring-Hibernate\Hibernate Applications\Xworkz_CommonModule_Poornima\conf\Catalina\localhost\IndianRailways.xml]
25-Dec-2024 09:29:01.840 INFO [main] org.apache.jasper.servlet.TldScanner.scanJars At least one JAR was scanned for TLDs yet contained no TLDs. Enable debug logging for this logger for a complete list of JARs that were scanned but no TLDs were found in them. Skipping unneeded JARs during scanning can improve startup time and JSP compilation time.
25-Dec-2024 09:29:01.918 INFO [main] org.apache.catalina.startup.HostConfig.deployDescriptor Deployment of deployment descriptor [C:\Users\ASUS\Desktop\Spring-Hibernate\Hibernate Applications\Xworkz_CommonModule_Poornima\conf\Catalina\localhost\IndianRailways.xml] has finished in [687] ms
25-Dec-2024 09:29:01.919 INFO [main] org.apache.catalina.startup.HostConfig.deployDescriptor Deploying deployment descriptor [C:\Users\ASUS\Desktop\Spring-Hibernate\Hibernate Applications\Xworkz_CommonModule_Poornima\conf\Catalina\localhost\Xworkz_CommonModule_Poornima.xml]
25-Dec-2024 09:29:09.304 INFO [main] org.apache.jasper.servlet.TldScanner.scanJars At least one JAR was scanned for TLDs yet contained no TLDs. Enable debug logging for this logger for a complete list of JARs that were scanned but no TLDs were found in them. Skipping unneeded JARs during scanning can improve startup time and JSP compilation time.
25-Dec-2024 09:29:23.509 INFO [main] org.apache.catalina.startup.HostConfig.deployDescriptor Deployment of deployment descriptor [C:\Users\ASUS\Desktop\Spring-Hibernate\Hibernate Applications\Xworkz_CommonModule_Poornima\conf\Catalina\localhost\Xworkz_CommonModule_Poornima.xml] has finished in [21,589] ms
25-Dec-2024 09:29:23.516 INFO [main] org.apache.coyote.AbstractProtocol.start Starting ProtocolHandler ["http-nio-9999"]
25-Dec-2024 09:29:23.533 INFO [main] org.apache.catalina.startup.Catalina.start Server startup in [22368] milliseconds
25-Dec-2024 09:36:06.772 INFO [Thread-4] org.apache.coyote.AbstractProtocol.pause Pausing ProtocolHandler ["http-nio-9999"]
25-Dec-2024 09:36:06.991 INFO [Thread-4] org.apache.catalina.core.StandardService.stopInternal Stopping service [Catalina]
25-Dec-2024 09:36:07.047 WARNING [Thread-4] org.apache.catalina.loader.WebappClassLoaderBase.clearReferencesJdbc The web application [Xworkz_CommonModule_Poornima] registered the JDBC driver [com.mysql.cj.jdbc.Driver] but failed to unregister it when the web application was stopped. To prevent a memory leak, the JDBC Driver has been forcibly unregistered.
25-Dec-2024 09:36:07.049 WARNING [Thread-4] org.apache.catalina.loader.WebappClassLoaderBase.clearReferencesThreads The web application [Xworkz_CommonModule_Poornima] appears to have started a thread named [mysql-cj-abandoned-connection-cleanup] but has failed to stop it. This is very likely to create a memory leak. Stack trace of thread:
 java.lang.Object.wait(Native Method)
 java.lang.ref.ReferenceQueue.remove(ReferenceQueue.java:144)
 com.mysql.cj.jdbc.AbandonedConnectionCleanupThread.run(AbandonedConnectionCleanupThread.java:91)
 java.util.concurrent.ThreadPoolExecutor.runWorker(ThreadPoolExecutor.java:1149)
 java.util.concurrent.ThreadPoolExecutor$Worker.run(ThreadPoolExecutor.java:624)
 java.lang.Thread.run(Thread.java:748)
25-Dec-2024 09:36:07.057 INFO [Thread-4] org.apache.coyote.AbstractProtocol.stop Stopping ProtocolHandler ["http-nio-9999"]
25-Dec-2024 09:36:07.102 INFO [Thread-4] org.apache.coyote.AbstractProtocol.destroy Destroying ProtocolHandler ["http-nio-9999"]
25-Dec-2024 09:36:17.693 INFO [main] org.apache.catalina.startup.VersionLoggerListener.log Server version name:   Apache Tomcat/9.0.38
25-Dec-2024 09:36:17.699 INFO [main] org.apache.catalina.startup.VersionLoggerListener.log Server built:          Sep 10 2020 08:20:30 UTC
25-Dec-2024 09:36:17.699 INFO [main] org.apache.catalina.startup.VersionLoggerListener.log Server version number: 9.0.38.0
25-Dec-2024 09:36:17.699 INFO [main] org.apache.catalina.startup.VersionLoggerListener.log OS Name:               Windows 10
25-Dec-2024 09:36:17.700 INFO [main] org.apache.catalina.startup.VersionLoggerListener.log OS Version:            10.0
25-Dec-2024 09:36:17.700 INFO [main] org.apache.catalina.startup.VersionLoggerListener.log Architecture:          amd64
25-Dec-2024 09:36:17.700 INFO [main] org.apache.catalina.startup.VersionLoggerListener.log Java Home:             C:\Program Files\Java\jdk1.8.0_261\jre
25-Dec-2024 09:36:17.700 INFO [main] org.apache.catalina.startup.VersionLoggerListener.log JVM Version:           1.8.0_261-b12
25-Dec-2024 09:36:17.700 INFO [main] org.apache.catalina.startup.VersionLoggerListener.log JVM Vendor:            Oracle Corporation
25-Dec-2024 09:36:17.701 INFO [main] org.apache.catalina.startup.VersionLoggerListener.log CATALINA_BASE:         C:\Users\ASUS\Desktop\Spring-Hibernate\Hibernate Applications\Xworkz_CommonModule_Poornima
25-Dec-2024 09:36:17.701 INFO [main] org.apache.catalina.startup.VersionLoggerListener.log CATALINA_HOME:         C:\Users\ASUS\Downloads\apache-tomcat-9.0.38-windows-x64\apache-tomcat-9.0.38
25-Dec-2024 09:36:17.703 INFO [main] org.apache.catalina.startup.VersionLoggerListener.log Command line argument: -Dcatalina.home=C:\Users\ASUS\Downloads\apache-tomcat-9.0.38-windows-x64\apache-tomcat-9.0.38
25-Dec-2024 09:36:17.704 INFO [main] org.apache.catalina.startup.VersionLoggerListener.log Command line argument: -Dcatalina.base=C:\Users\ASUS\Desktop\Spring-Hibernate\Hibernate Applications\Xworkz_CommonModule_Poornima
25-Dec-2024 09:36:17.704 INFO [main] org.apache.catalina.startup.VersionLoggerListener.log Command line argument: -Djava.io.tmpdir=C:\Users\ASUS\Desktop\Spring-Hibernate\Hibernate Applications\Xworkz_CommonModule_Poornima\temp
25-Dec-2024 09:36:17.704 INFO [main] org.apache.catalina.startup.VersionLoggerListener.log Command line argument: -Djava.util.logging.config.file=C:\Users\ASUS\Desktop\Spring-Hibernate\Hibernate Applications\Xworkz_CommonModule_Poornima\conf\logging.properties
25-Dec-2024 09:36:17.704 INFO [main] org.apache.catalina.startup.VersionLoggerListener.log Command line argument: -Djava.util.logging.manager=org.apache.juli.ClassLoaderLogManager
25-Dec-2024 09:36:17.705 INFO [main] org.apache.catalina.startup.VersionLoggerListener.log Command line argument: -javaagent:C:\Program Files\JetBrains\IntelliJ IDEA Community Edition 2024.3\lib\idea_rt.jar=58246:C:\Program Files\JetBrains\IntelliJ IDEA Community Edition 2024.3\bin
25-Dec-2024 09:36:17.705 INFO [main] org.apache.catalina.startup.VersionLoggerListener.log Command line argument: -Dfile.encoding=UTF-8
25-Dec-2024 09:36:17.712 INFO [main] org.apache.catalina.core.AprLifecycleListener.lifecycleEvent Loaded Apache Tomcat Native library [1.2.25] using APR version [1.7.0].
25-Dec-2024 09:36:17.712 INFO [main] org.apache.catalina.core.AprLifecycleListener.lifecycleEvent APR capabilities: IPv6 [true], sendfile [true], accept filters [false], random [true].
25-Dec-2024 09:36:17.713 INFO [main] org.apache.catalina.core.AprLifecycleListener.lifecycleEvent APR/OpenSSL configuration: useAprConnector [false], useOpenSSL [true]
25-Dec-2024 09:36:17.724 INFO [main] org.apache.catalina.core.AprLifecycleListener.initializeSSL OpenSSL successfully initialized [OpenSSL 1.1.1g  21 Apr 2020]
25-Dec-2024 09:36:18.514 INFO [main] org.apache.coyote.AbstractProtocol.init Initializing ProtocolHandler ["http-nio-9999"]
25-Dec-2024 09:36:18.847 INFO [main] org.apache.catalina.startup.Catalina.load Server initialization in [1514] milliseconds
25-Dec-2024 09:36:18.890 INFO [main] org.apache.catalina.core.StandardService.startInternal Starting service [Catalina]
25-Dec-2024 09:36:18.890 INFO [main] org.apache.catalina.core.StandardEngine.startInternal Starting Servlet engine: [Apache Tomcat/9.0.38]
25-Dec-2024 09:36:18.905 INFO [main] org.apache.catalina.startup.HostConfig.deployDescriptor Deploying deployment descriptor [C:\Users\ASUS\Desktop\Spring-Hibernate\Hibernate Applications\Xworkz_CommonModule_Poornima\conf\Catalina\localhost\IndianRailways.xml]
25-Dec-2024 09:36:19.601 INFO [main] org.apache.jasper.servlet.TldScanner.scanJars At least one JAR was scanned for TLDs yet contained no TLDs. Enable debug logging for this logger for a complete list of JARs that were scanned but no TLDs were found in them. Skipping unneeded JARs during scanning can improve startup time and JSP compilation time.
25-Dec-2024 09:36:19.687 INFO [main] org.apache.catalina.startup.HostConfig.deployDescriptor Deployment of deployment descriptor [C:\Users\ASUS\Desktop\Spring-Hibernate\Hibernate Applications\Xworkz_CommonModule_Poornima\conf\Catalina\localhost\IndianRailways.xml] has finished in [780] ms
25-Dec-2024 09:36:19.687 INFO [main] org.apache.catalina.startup.HostConfig.deployDescriptor Deploying deployment descriptor [C:\Users\ASUS\Desktop\Spring-Hibernate\Hibernate Applications\Xworkz_CommonModule_Poornima\conf\Catalina\localhost\Xworkz_CommonModule_Poornima.xml]
25-Dec-2024 09:36:26.707 INFO [main] org.apache.jasper.servlet.TldScanner.scanJars At least one JAR was scanned for TLDs yet contained no TLDs. Enable debug logging for this logger for a complete list of JARs that were scanned but no TLDs were found in them. Skipping unneeded JARs during scanning can improve startup time and JSP compilation time.
25-Dec-2024 09:36:40.381 INFO [main] org.apache.catalina.startup.HostConfig.deployDescriptor Deployment of deployment descriptor [C:\Users\ASUS\Desktop\Spring-Hibernate\Hibernate Applications\Xworkz_CommonModule_Poornima\conf\Catalina\localhost\Xworkz_CommonModule_Poornima.xml] has finished in [20,694] ms
25-Dec-2024 09:36:40.389 INFO [main] org.apache.coyote.AbstractProtocol.start Starting ProtocolHandler ["http-nio-9999"]
25-Dec-2024 09:36:40.408 INFO [main] org.apache.catalina.startup.Catalina.start Server startup in [21560] milliseconds
25-Dec-2024 09:39:05.526 INFO [Thread-4] org.apache.coyote.AbstractProtocol.pause Pausing ProtocolHandler ["http-nio-9999"]
25-Dec-2024 09:39:05.734 INFO [Thread-4] org.apache.catalina.core.StandardService.stopInternal Stopping service [Catalina]
25-Dec-2024 09:39:05.799 WARNING [Thread-4] org.apache.catalina.loader.WebappClassLoaderBase.clearReferencesJdbc The web application [Xworkz_CommonModule_Poornima] registered the JDBC driver [com.mysql.cj.jdbc.Driver] but failed to unregister it when the web application was stopped. To prevent a memory leak, the JDBC Driver has been forcibly unregistered.
25-Dec-2024 09:39:05.800 WARNING [Thread-4] org.apache.catalina.loader.WebappClassLoaderBase.clearReferencesThreads The web application [Xworkz_CommonModule_Poornima] appears to have started a thread named [mysql-cj-abandoned-connection-cleanup] but has failed to stop it. This is very likely to create a memory leak. Stack trace of thread:
 java.lang.Object.wait(Native Method)
 java.lang.ref.ReferenceQueue.remove(ReferenceQueue.java:144)
 com.mysql.cj.jdbc.AbandonedConnectionCleanupThread.run(AbandonedConnectionCleanupThread.java:91)
 java.util.concurrent.ThreadPoolExecutor.runWorker(ThreadPoolExecutor.java:1149)
 java.util.concurrent.ThreadPoolExecutor$Worker.run(ThreadPoolExecutor.java:624)
 java.lang.Thread.run(Thread.java:748)
25-Dec-2024 09:39:05.806 INFO [Thread-4] org.apache.coyote.AbstractProtocol.stop Stopping ProtocolHandler ["http-nio-9999"]
25-Dec-2024 09:39:05.849 INFO [Thread-4] org.apache.coyote.AbstractProtocol.destroy Destroying ProtocolHandler ["http-nio-9999"]
