29-Dec-2024 01:23:00.195 INFO [main] org.apache.catalina.startup.VersionLoggerListener.log Server version name:   Apache Tomcat/9.0.38
29-Dec-2024 01:23:00.215 INFO [main] org.apache.catalina.startup.VersionLoggerListener.log Server built:          Sep 10 2020 08:20:30 UTC
29-Dec-2024 01:23:00.215 INFO [main] org.apache.catalina.startup.VersionLoggerListener.log Server version number: 9.0.38.0
29-Dec-2024 01:23:00.215 INFO [main] org.apache.catalina.startup.VersionLoggerListener.log OS Name:               Windows 10
29-Dec-2024 01:23:00.215 INFO [main] org.apache.catalina.startup.VersionLoggerListener.log OS Version:            10.0
29-Dec-2024 01:23:00.215 INFO [main] org.apache.catalina.startup.VersionLoggerListener.log Architecture:          amd64
29-Dec-2024 01:23:00.216 INFO [main] org.apache.catalina.startup.VersionLoggerListener.log Java Home:             C:\Program Files\Java\jdk1.8.0_261\jre
29-Dec-2024 01:23:00.216 INFO [main] org.apache.catalina.startup.VersionLoggerListener.log JVM Version:           1.8.0_261-b12
29-Dec-2024 01:23:00.216 INFO [main] org.apache.catalina.startup.VersionLoggerListener.log JVM Vendor:            Oracle Corporation
29-Dec-2024 01:23:00.216 INFO [main] org.apache.catalina.startup.VersionLoggerListener.log CATALINA_BASE:         C:\Users\ASUS\Desktop\Spring-Hibernate\Hibernate Applications\Xworkz_CommonModule_Poornima
29-Dec-2024 01:23:00.216 INFO [main] org.apache.catalina.startup.VersionLoggerListener.log CATALINA_HOME:         C:\Users\ASUS\Downloads\apache-tomcat-9.0.38-windows-x64\apache-tomcat-9.0.38
29-Dec-2024 01:23:00.230 INFO [main] org.apache.catalina.startup.VersionLoggerListener.log Command line argument: -Dcatalina.home=C:\Users\ASUS\Downloads\apache-tomcat-9.0.38-windows-x64\apache-tomcat-9.0.38
29-Dec-2024 01:23:00.230 INFO [main] org.apache.catalina.startup.VersionLoggerListener.log Command line argument: -Dcatalina.base=C:\Users\ASUS\Desktop\Spring-Hibernate\Hibernate Applications\Xworkz_CommonModule_Poornima
29-Dec-2024 01:23:00.230 INFO [main] org.apache.catalina.startup.VersionLoggerListener.log Command line argument: -Djava.io.tmpdir=C:\Users\ASUS\Desktop\Spring-Hibernate\Hibernate Applications\Xworkz_CommonModule_Poornima\temp
29-Dec-2024 01:23:00.230 INFO [main] org.apache.catalina.startup.VersionLoggerListener.log Command line argument: -Djava.util.logging.config.file=C:\Users\ASUS\Desktop\Spring-Hibernate\Hibernate Applications\Xworkz_CommonModule_Poornima\conf\logging.properties
29-Dec-2024 01:23:00.231 INFO [main] org.apache.catalina.startup.VersionLoggerListener.log Command line argument: -Djava.util.logging.manager=org.apache.juli.ClassLoaderLogManager
29-Dec-2024 01:23:00.231 INFO [main] org.apache.catalina.startup.VersionLoggerListener.log Command line argument: -javaagent:C:\Program Files\JetBrains\IntelliJ IDEA Community Edition 2024.3\lib\idea_rt.jar=61975:C:\Program Files\JetBrains\IntelliJ IDEA Community Edition 2024.3\bin
29-Dec-2024 01:23:00.231 INFO [main] org.apache.catalina.startup.VersionLoggerListener.log Command line argument: -Dfile.encoding=UTF-8
29-Dec-2024 01:23:00.249 INFO [main] org.apache.catalina.core.AprLifecycleListener.lifecycleEvent Loaded Apache Tomcat Native library [1.2.25] using APR version [1.7.0].
29-Dec-2024 01:23:00.249 INFO [main] org.apache.catalina.core.AprLifecycleListener.lifecycleEvent APR capabilities: IPv6 [true], sendfile [true], accept filters [false], random [true].
29-Dec-2024 01:23:00.249 INFO [main] org.apache.catalina.core.AprLifecycleListener.lifecycleEvent APR/OpenSSL configuration: useAprConnector [false], useOpenSSL [true]
29-Dec-2024 01:23:00.289 INFO [main] org.apache.catalina.core.AprLifecycleListener.initializeSSL OpenSSL successfully initialized [OpenSSL 1.1.1g  21 Apr 2020]
29-Dec-2024 01:23:01.686 INFO [main] org.apache.coyote.AbstractProtocol.init Initializing ProtocolHandler ["http-nio-9999"]
29-Dec-2024 01:23:02.059 INFO [main] org.apache.catalina.startup.Catalina.load Server initialization in [2572] milliseconds
29-Dec-2024 01:23:02.120 INFO [main] org.apache.catalina.core.StandardService.startInternal Starting service [Catalina]
29-Dec-2024 01:23:02.120 INFO [main] org.apache.catalina.core.StandardEngine.startInternal Starting Servlet engine: [Apache Tomcat/9.0.38]
29-Dec-2024 01:23:02.139 INFO [main] org.apache.catalina.startup.HostConfig.deployDescriptor Deploying deployment descriptor [C:\Users\ASUS\Desktop\Spring-Hibernate\Hibernate Applications\Xworkz_CommonModule_Poornima\conf\Catalina\localhost\IndianRailways.xml]
29-Dec-2024 01:23:02.919 INFO [main] org.apache.jasper.servlet.TldScanner.scanJars At least one JAR was scanned for TLDs yet contained no TLDs. Enable debug logging for this logger for a complete list of JARs that were scanned but no TLDs were found in them. Skipping unneeded JARs during scanning can improve startup time and JSP compilation time.
29-Dec-2024 01:23:03.034 INFO [main] org.apache.catalina.startup.HostConfig.deployDescriptor Deployment of deployment descriptor [C:\Users\ASUS\Desktop\Spring-Hibernate\Hibernate Applications\Xworkz_CommonModule_Poornima\conf\Catalina\localhost\IndianRailways.xml] has finished in [894] ms
29-Dec-2024 01:23:03.035 INFO [main] org.apache.catalina.startup.HostConfig.deployDescriptor Deploying deployment descriptor [C:\Users\ASUS\Desktop\Spring-Hibernate\Hibernate Applications\Xworkz_CommonModule_Poornima\conf\Catalina\localhost\Xworkz_CommonModule_Poornima.xml]
29-Dec-2024 01:23:12.048 INFO [main] org.apache.jasper.servlet.TldScanner.scanJars At least one JAR was scanned for TLDs yet contained no TLDs. Enable debug logging for this logger for a complete list of JARs that were scanned but no TLDs were found in them. Skipping unneeded JARs during scanning can improve startup time and JSP compilation time.
29-Dec-2024 01:23:23.051 INFO [main] org.apache.catalina.startup.HostConfig.deployDescriptor Deployment of deployment descriptor [C:\Users\ASUS\Desktop\Spring-Hibernate\Hibernate Applications\Xworkz_CommonModule_Poornima\conf\Catalina\localhost\Xworkz_CommonModule_Poornima.xml] has finished in [20,015] ms
29-Dec-2024 01:23:23.055 INFO [main] org.apache.coyote.AbstractProtocol.start Starting ProtocolHandler ["http-nio-9999"]
29-Dec-2024 01:23:23.066 INFO [main] org.apache.catalina.startup.Catalina.start Server startup in [21006] milliseconds
29-Dec-2024 01:37:19.182 INFO [Thread-4] org.apache.coyote.AbstractProtocol.pause Pausing ProtocolHandler ["http-nio-9999"]
29-Dec-2024 01:37:19.387 INFO [Thread-4] org.apache.catalina.core.StandardService.stopInternal Stopping service [Catalina]
29-Dec-2024 01:37:19.489 WARNING [Thread-4] org.apache.catalina.loader.WebappClassLoaderBase.clearReferencesJdbc The web application [Xworkz_CommonModule_Poornima] registered the JDBC driver [com.mysql.cj.jdbc.Driver] but failed to unregister it when the web application was stopped. To prevent a memory leak, the JDBC Driver has been forcibly unregistered.
29-Dec-2024 01:37:19.491 WARNING [Thread-4] org.apache.catalina.loader.WebappClassLoaderBase.clearReferencesThreads The web application [Xworkz_CommonModule_Poornima] appears to have started a thread named [mysql-cj-abandoned-connection-cleanup] but has failed to stop it. This is very likely to create a memory leak. Stack trace of thread:
 java.lang.Object.wait(Native Method)
 java.lang.ref.ReferenceQueue.remove(ReferenceQueue.java:144)
 com.mysql.cj.jdbc.AbandonedConnectionCleanupThread.run(AbandonedConnectionCleanupThread.java:91)
 java.util.concurrent.ThreadPoolExecutor.runWorker(ThreadPoolExecutor.java:1149)
 java.util.concurrent.ThreadPoolExecutor$Worker.run(ThreadPoolExecutor.java:624)
 java.lang.Thread.run(Thread.java:748)
29-Dec-2024 01:37:19.509 INFO [Thread-4] org.apache.coyote.AbstractProtocol.stop Stopping ProtocolHandler ["http-nio-9999"]
29-Dec-2024 01:37:19.551 INFO [Thread-4] org.apache.coyote.AbstractProtocol.destroy Destroying ProtocolHandler ["http-nio-9999"]
29-Dec-2024 01:37:33.925 INFO [main] org.apache.catalina.startup.VersionLoggerListener.log Server version name:   Apache Tomcat/9.0.38
29-Dec-2024 01:37:33.932 INFO [main] org.apache.catalina.startup.VersionLoggerListener.log Server built:          Sep 10 2020 08:20:30 UTC
29-Dec-2024 01:37:33.932 INFO [main] org.apache.catalina.startup.VersionLoggerListener.log Server version number: 9.0.38.0
29-Dec-2024 01:37:33.932 INFO [main] org.apache.catalina.startup.VersionLoggerListener.log OS Name:               Windows 10
29-Dec-2024 01:37:33.932 INFO [main] org.apache.catalina.startup.VersionLoggerListener.log OS Version:            10.0
29-Dec-2024 01:37:33.932 INFO [main] org.apache.catalina.startup.VersionLoggerListener.log Architecture:          amd64
29-Dec-2024 01:37:33.932 INFO [main] org.apache.catalina.startup.VersionLoggerListener.log Java Home:             C:\Program Files\Java\jdk1.8.0_261\jre
29-Dec-2024 01:37:33.932 INFO [main] org.apache.catalina.startup.VersionLoggerListener.log JVM Version:           1.8.0_261-b12
29-Dec-2024 01:37:33.933 INFO [main] org.apache.catalina.startup.VersionLoggerListener.log JVM Vendor:            Oracle Corporation
29-Dec-2024 01:37:33.933 INFO [main] org.apache.catalina.startup.VersionLoggerListener.log CATALINA_BASE:         C:\Users\ASUS\Desktop\Spring-Hibernate\Hibernate Applications\Xworkz_CommonModule_Poornima
29-Dec-2024 01:37:33.933 INFO [main] org.apache.catalina.startup.VersionLoggerListener.log CATALINA_HOME:         C:\Users\ASUS\Downloads\apache-tomcat-9.0.38-windows-x64\apache-tomcat-9.0.38
29-Dec-2024 01:37:33.937 INFO [main] org.apache.catalina.startup.VersionLoggerListener.log Command line argument: -Dcatalina.home=C:\Users\ASUS\Downloads\apache-tomcat-9.0.38-windows-x64\apache-tomcat-9.0.38
29-Dec-2024 01:37:33.937 INFO [main] org.apache.catalina.startup.VersionLoggerListener.log Command line argument: -Dcatalina.base=C:\Users\ASUS\Desktop\Spring-Hibernate\Hibernate Applications\Xworkz_CommonModule_Poornima
29-Dec-2024 01:37:33.937 INFO [main] org.apache.catalina.startup.VersionLoggerListener.log Command line argument: -Djava.io.tmpdir=C:\Users\ASUS\Desktop\Spring-Hibernate\Hibernate Applications\Xworkz_CommonModule_Poornima\temp
29-Dec-2024 01:37:33.938 INFO [main] org.apache.catalina.startup.VersionLoggerListener.log Command line argument: -Djava.util.logging.config.file=C:\Users\ASUS\Desktop\Spring-Hibernate\Hibernate Applications\Xworkz_CommonModule_Poornima\conf\logging.properties
29-Dec-2024 01:37:33.938 INFO [main] org.apache.catalina.startup.VersionLoggerListener.log Command line argument: -Djava.util.logging.manager=org.apache.juli.ClassLoaderLogManager
29-Dec-2024 01:37:33.938 INFO [main] org.apache.catalina.startup.VersionLoggerListener.log Command line argument: -javaagent:C:\Program Files\JetBrains\IntelliJ IDEA Community Edition 2024.3\lib\idea_rt.jar=62039:C:\Program Files\JetBrains\IntelliJ IDEA Community Edition 2024.3\bin
29-Dec-2024 01:37:33.938 INFO [main] org.apache.catalina.startup.VersionLoggerListener.log Command line argument: -Dfile.encoding=UTF-8
29-Dec-2024 01:37:33.946 INFO [main] org.apache.catalina.core.AprLifecycleListener.lifecycleEvent Loaded Apache Tomcat Native library [1.2.25] using APR version [1.7.0].
29-Dec-2024 01:37:33.947 INFO [main] org.apache.catalina.core.AprLifecycleListener.lifecycleEvent APR capabilities: IPv6 [true], sendfile [true], accept filters [false], random [true].
29-Dec-2024 01:37:33.947 INFO [main] org.apache.catalina.core.AprLifecycleListener.lifecycleEvent APR/OpenSSL configuration: useAprConnector [false], useOpenSSL [true]
29-Dec-2024 01:37:33.959 INFO [main] org.apache.catalina.core.AprLifecycleListener.initializeSSL OpenSSL successfully initialized [OpenSSL 1.1.1g  21 Apr 2020]
29-Dec-2024 01:37:34.817 INFO [main] org.apache.coyote.AbstractProtocol.init Initializing ProtocolHandler ["http-nio-9999"]
29-Dec-2024 01:37:35.161 INFO [main] org.apache.catalina.startup.Catalina.load Server initialization in [1640] milliseconds
29-Dec-2024 01:37:35.207 INFO [main] org.apache.catalina.core.StandardService.startInternal Starting service [Catalina]
29-Dec-2024 01:37:35.207 INFO [main] org.apache.catalina.core.StandardEngine.startInternal Starting Servlet engine: [Apache Tomcat/9.0.38]
29-Dec-2024 01:37:35.224 INFO [main] org.apache.catalina.startup.HostConfig.deployDescriptor Deploying deployment descriptor [C:\Users\ASUS\Desktop\Spring-Hibernate\Hibernate Applications\Xworkz_CommonModule_Poornima\conf\Catalina\localhost\IndianRailways.xml]
29-Dec-2024 01:37:35.921 INFO [main] org.apache.jasper.servlet.TldScanner.scanJars At least one JAR was scanned for TLDs yet contained no TLDs. Enable debug logging for this logger for a complete list of JARs that were scanned but no TLDs were found in them. Skipping unneeded JARs during scanning can improve startup time and JSP compilation time.
29-Dec-2024 01:37:36.016 INFO [main] org.apache.catalina.startup.HostConfig.deployDescriptor Deployment of deployment descriptor [C:\Users\ASUS\Desktop\Spring-Hibernate\Hibernate Applications\Xworkz_CommonModule_Poornima\conf\Catalina\localhost\IndianRailways.xml] has finished in [790] ms
29-Dec-2024 01:37:36.016 INFO [main] org.apache.catalina.startup.HostConfig.deployDescriptor Deploying deployment descriptor [C:\Users\ASUS\Desktop\Spring-Hibernate\Hibernate Applications\Xworkz_CommonModule_Poornima\conf\Catalina\localhost\Xworkz_CommonModule_Poornima.xml]
29-Dec-2024 01:37:44.890 INFO [main] org.apache.jasper.servlet.TldScanner.scanJars At least one JAR was scanned for TLDs yet contained no TLDs. Enable debug logging for this logger for a complete list of JARs that were scanned but no TLDs were found in them. Skipping unneeded JARs during scanning can improve startup time and JSP compilation time.
29-Dec-2024 01:38:02.612 INFO [main] org.apache.catalina.startup.HostConfig.deployDescriptor Deployment of deployment descriptor [C:\Users\ASUS\Desktop\Spring-Hibernate\Hibernate Applications\Xworkz_CommonModule_Poornima\conf\Catalina\localhost\Xworkz_CommonModule_Poornima.xml] has finished in [26,595] ms
29-Dec-2024 01:38:02.620 INFO [main] org.apache.coyote.AbstractProtocol.start Starting ProtocolHandler ["http-nio-9999"]
29-Dec-2024 01:38:02.637 INFO [main] org.apache.catalina.startup.Catalina.start Server startup in [27475] milliseconds
29-Dec-2024 01:48:59.226 INFO [Thread-4] org.apache.coyote.AbstractProtocol.pause Pausing ProtocolHandler ["http-nio-9999"]
29-Dec-2024 01:48:59.428 INFO [Thread-4] org.apache.catalina.core.StandardService.stopInternal Stopping service [Catalina]
29-Dec-2024 01:48:59.518 WARNING [Thread-4] org.apache.catalina.loader.WebappClassLoaderBase.clearReferencesJdbc The web application [Xworkz_CommonModule_Poornima] registered the JDBC driver [com.mysql.cj.jdbc.Driver] but failed to unregister it when the web application was stopped. To prevent a memory leak, the JDBC Driver has been forcibly unregistered.
29-Dec-2024 01:48:59.519 WARNING [Thread-4] org.apache.catalina.loader.WebappClassLoaderBase.clearReferencesThreads The web application [Xworkz_CommonModule_Poornima] appears to have started a thread named [mysql-cj-abandoned-connection-cleanup] but has failed to stop it. This is very likely to create a memory leak. Stack trace of thread:
 java.lang.Object.wait(Native Method)
 java.lang.ref.ReferenceQueue.remove(ReferenceQueue.java:144)
 com.mysql.cj.jdbc.AbandonedConnectionCleanupThread.run(AbandonedConnectionCleanupThread.java:91)
 java.util.concurrent.ThreadPoolExecutor.runWorker(ThreadPoolExecutor.java:1149)
 java.util.concurrent.ThreadPoolExecutor$Worker.run(ThreadPoolExecutor.java:624)
 java.lang.Thread.run(Thread.java:748)
29-Dec-2024 01:48:59.523 INFO [Thread-4] org.apache.coyote.AbstractProtocol.stop Stopping ProtocolHandler ["http-nio-9999"]
29-Dec-2024 01:48:59.531 INFO [Thread-4] org.apache.coyote.AbstractProtocol.destroy Destroying ProtocolHandler ["http-nio-9999"]
29-Dec-2024 01:53:09.767 INFO [main] org.apache.catalina.startup.VersionLoggerListener.log Server version name:   Apache Tomcat/9.0.38
29-Dec-2024 01:53:09.773 INFO [main] org.apache.catalina.startup.VersionLoggerListener.log Server built:          Sep 10 2020 08:20:30 UTC
29-Dec-2024 01:53:09.773 INFO [main] org.apache.catalina.startup.VersionLoggerListener.log Server version number: 9.0.38.0
29-Dec-2024 01:53:09.774 INFO [main] org.apache.catalina.startup.VersionLoggerListener.log OS Name:               Windows 10
29-Dec-2024 01:53:09.774 INFO [main] org.apache.catalina.startup.VersionLoggerListener.log OS Version:            10.0
29-Dec-2024 01:53:09.774 INFO [main] org.apache.catalina.startup.VersionLoggerListener.log Architecture:          amd64
29-Dec-2024 01:53:09.774 INFO [main] org.apache.catalina.startup.VersionLoggerListener.log Java Home:             C:\Program Files\Java\jdk1.8.0_261\jre
29-Dec-2024 01:53:09.774 INFO [main] org.apache.catalina.startup.VersionLoggerListener.log JVM Version:           1.8.0_261-b12
29-Dec-2024 01:53:09.775 INFO [main] org.apache.catalina.startup.VersionLoggerListener.log JVM Vendor:            Oracle Corporation
29-Dec-2024 01:53:09.775 INFO [main] org.apache.catalina.startup.VersionLoggerListener.log CATALINA_BASE:         C:\Users\ASUS\Desktop\Spring-Hibernate\Hibernate Applications\Xworkz_CommonModule_Poornima
29-Dec-2024 01:53:09.775 INFO [main] org.apache.catalina.startup.VersionLoggerListener.log CATALINA_HOME:         C:\Users\ASUS\Downloads\apache-tomcat-9.0.38-windows-x64\apache-tomcat-9.0.38
29-Dec-2024 01:53:09.779 INFO [main] org.apache.catalina.startup.VersionLoggerListener.log Command line argument: -Dcatalina.home=C:\Users\ASUS\Downloads\apache-tomcat-9.0.38-windows-x64\apache-tomcat-9.0.38
29-Dec-2024 01:53:09.779 INFO [main] org.apache.catalina.startup.VersionLoggerListener.log Command line argument: -Dcatalina.base=C:\Users\ASUS\Desktop\Spring-Hibernate\Hibernate Applications\Xworkz_CommonModule_Poornima
29-Dec-2024 01:53:09.779 INFO [main] org.apache.catalina.startup.VersionLoggerListener.log Command line argument: -Djava.io.tmpdir=C:\Users\ASUS\Desktop\Spring-Hibernate\Hibernate Applications\Xworkz_CommonModule_Poornima\temp
29-Dec-2024 01:53:09.780 INFO [main] org.apache.catalina.startup.VersionLoggerListener.log Command line argument: -Djava.util.logging.config.file=C:\Users\ASUS\Desktop\Spring-Hibernate\Hibernate Applications\Xworkz_CommonModule_Poornima\conf\logging.properties
29-Dec-2024 01:53:09.780 INFO [main] org.apache.catalina.startup.VersionLoggerListener.log Command line argument: -Djava.util.logging.manager=org.apache.juli.ClassLoaderLogManager
29-Dec-2024 01:53:09.780 INFO [main] org.apache.catalina.startup.VersionLoggerListener.log Command line argument: -javaagent:C:\Program Files\JetBrains\IntelliJ IDEA Community Edition 2024.3\lib\idea_rt.jar=62296:C:\Program Files\JetBrains\IntelliJ IDEA Community Edition 2024.3\bin
29-Dec-2024 01:53:09.780 INFO [main] org.apache.catalina.startup.VersionLoggerListener.log Command line argument: -Dfile.encoding=UTF-8
29-Dec-2024 01:53:09.794 INFO [main] org.apache.catalina.core.AprLifecycleListener.lifecycleEvent Loaded Apache Tomcat Native library [1.2.25] using APR version [1.7.0].
29-Dec-2024 01:53:09.794 INFO [main] org.apache.catalina.core.AprLifecycleListener.lifecycleEvent APR capabilities: IPv6 [true], sendfile [true], accept filters [false], random [true].
29-Dec-2024 01:53:09.794 INFO [main] org.apache.catalina.core.AprLifecycleListener.lifecycleEvent APR/OpenSSL configuration: useAprConnector [false], useOpenSSL [true]
29-Dec-2024 01:53:09.822 INFO [main] org.apache.catalina.core.AprLifecycleListener.initializeSSL OpenSSL successfully initialized [OpenSSL 1.1.1g  21 Apr 2020]
29-Dec-2024 01:53:10.918 INFO [main] org.apache.coyote.AbstractProtocol.init Initializing ProtocolHandler ["http-nio-9999"]
29-Dec-2024 01:53:11.404 INFO [main] org.apache.catalina.startup.Catalina.load Server initialization in [2249] milliseconds
29-Dec-2024 01:53:11.478 INFO [main] org.apache.catalina.core.StandardService.startInternal Starting service [Catalina]
29-Dec-2024 01:53:11.478 INFO [main] org.apache.catalina.core.StandardEngine.startInternal Starting Servlet engine: [Apache Tomcat/9.0.38]
29-Dec-2024 01:53:11.509 INFO [main] org.apache.catalina.startup.HostConfig.deployDescriptor Deploying deployment descriptor [C:\Users\ASUS\Desktop\Spring-Hibernate\Hibernate Applications\Xworkz_CommonModule_Poornima\conf\Catalina\localhost\IndianRailways.xml]
29-Dec-2024 01:53:12.536 INFO [main] org.apache.jasper.servlet.TldScanner.scanJars At least one JAR was scanned for TLDs yet contained no TLDs. Enable debug logging for this logger for a complete list of JARs that were scanned but no TLDs were found in them. Skipping unneeded JARs during scanning can improve startup time and JSP compilation time.
29-Dec-2024 01:53:12.650 INFO [main] org.apache.catalina.startup.HostConfig.deployDescriptor Deployment of deployment descriptor [C:\Users\ASUS\Desktop\Spring-Hibernate\Hibernate Applications\Xworkz_CommonModule_Poornima\conf\Catalina\localhost\IndianRailways.xml] has finished in [1,139] ms
29-Dec-2024 01:53:12.650 INFO [main] org.apache.catalina.startup.HostConfig.deployDescriptor Deploying deployment descriptor [C:\Users\ASUS\Desktop\Spring-Hibernate\Hibernate Applications\Xworkz_CommonModule_Poornima\conf\Catalina\localhost\Xworkz_CommonModule_Poornima.xml]
29-Dec-2024 01:53:25.162 INFO [main] org.apache.jasper.servlet.TldScanner.scanJars At least one JAR was scanned for TLDs yet contained no TLDs. Enable debug logging for this logger for a complete list of JARs that were scanned but no TLDs were found in them. Skipping unneeded JARs during scanning can improve startup time and JSP compilation time.
29-Dec-2024 01:53:50.407 INFO [main] org.apache.catalina.startup.HostConfig.deployDescriptor Deployment of deployment descriptor [C:\Users\ASUS\Desktop\Spring-Hibernate\Hibernate Applications\Xworkz_CommonModule_Poornima\conf\Catalina\localhost\Xworkz_CommonModule_Poornima.xml] has finished in [37,756] ms
29-Dec-2024 01:53:50.417 INFO [main] org.apache.coyote.AbstractProtocol.start Starting ProtocolHandler ["http-nio-9999"]
29-Dec-2024 01:53:50.442 INFO [main] org.apache.catalina.startup.Catalina.start Server startup in [39037] milliseconds
29-Dec-2024 02:02:54.002 INFO [Thread-4] org.apache.coyote.AbstractProtocol.pause Pausing ProtocolHandler ["http-nio-9999"]
29-Dec-2024 02:02:54.252 INFO [Thread-4] org.apache.catalina.core.StandardService.stopInternal Stopping service [Catalina]
29-Dec-2024 02:02:54.465 WARNING [Thread-4] org.apache.catalina.loader.WebappClassLoaderBase.clearReferencesJdbc The web application [Xworkz_CommonModule_Poornima] registered the JDBC driver [com.mysql.cj.jdbc.Driver] but failed to unregister it when the web application was stopped. To prevent a memory leak, the JDBC Driver has been forcibly unregistered.
29-Dec-2024 02:02:54.467 WARNING [Thread-4] org.apache.catalina.loader.WebappClassLoaderBase.clearReferencesThreads The web application [Xworkz_CommonModule_Poornima] appears to have started a thread named [mysql-cj-abandoned-connection-cleanup] but has failed to stop it. This is very likely to create a memory leak. Stack trace of thread:
 java.lang.Object.wait(Native Method)
 java.lang.ref.ReferenceQueue.remove(ReferenceQueue.java:144)
 com.mysql.cj.jdbc.AbandonedConnectionCleanupThread.run(AbandonedConnectionCleanupThread.java:91)
 java.util.concurrent.ThreadPoolExecutor.runWorker(ThreadPoolExecutor.java:1149)
 java.util.concurrent.ThreadPoolExecutor$Worker.run(ThreadPoolExecutor.java:624)
 java.lang.Thread.run(Thread.java:748)
29-Dec-2024 02:02:54.486 INFO [Thread-4] org.apache.coyote.AbstractProtocol.stop Stopping ProtocolHandler ["http-nio-9999"]
29-Dec-2024 02:02:54.546 INFO [Thread-4] org.apache.coyote.AbstractProtocol.destroy Destroying ProtocolHandler ["http-nio-9999"]
29-Dec-2024 02:03:11.445 INFO [main] org.apache.catalina.startup.VersionLoggerListener.log Server version name:   Apache Tomcat/9.0.38
29-Dec-2024 02:03:11.450 INFO [main] org.apache.catalina.startup.VersionLoggerListener.log Server built:          Sep 10 2020 08:20:30 UTC
29-Dec-2024 02:03:11.450 INFO [main] org.apache.catalina.startup.VersionLoggerListener.log Server version number: 9.0.38.0
29-Dec-2024 02:03:11.450 INFO [main] org.apache.catalina.startup.VersionLoggerListener.log OS Name:               Windows 10
29-Dec-2024 02:03:11.450 INFO [main] org.apache.catalina.startup.VersionLoggerListener.log OS Version:            10.0
29-Dec-2024 02:03:11.450 INFO [main] org.apache.catalina.startup.VersionLoggerListener.log Architecture:          amd64
29-Dec-2024 02:03:11.451 INFO [main] org.apache.catalina.startup.VersionLoggerListener.log Java Home:             C:\Program Files\Java\jdk1.8.0_261\jre
29-Dec-2024 02:03:11.451 INFO [main] org.apache.catalina.startup.VersionLoggerListener.log JVM Version:           1.8.0_261-b12
29-Dec-2024 02:03:11.451 INFO [main] org.apache.catalina.startup.VersionLoggerListener.log JVM Vendor:            Oracle Corporation
29-Dec-2024 02:03:11.451 INFO [main] org.apache.catalina.startup.VersionLoggerListener.log CATALINA_BASE:         C:\Users\ASUS\Desktop\Spring-Hibernate\Hibernate Applications\Xworkz_CommonModule_Poornima
29-Dec-2024 02:03:11.451 INFO [main] org.apache.catalina.startup.VersionLoggerListener.log CATALINA_HOME:         C:\Users\ASUS\Downloads\apache-tomcat-9.0.38-windows-x64\apache-tomcat-9.0.38
29-Dec-2024 02:03:11.455 INFO [main] org.apache.catalina.startup.VersionLoggerListener.log Command line argument: -Dcatalina.home=C:\Users\ASUS\Downloads\apache-tomcat-9.0.38-windows-x64\apache-tomcat-9.0.38
29-Dec-2024 02:03:11.455 INFO [main] org.apache.catalina.startup.VersionLoggerListener.log Command line argument: -Dcatalina.base=C:\Users\ASUS\Desktop\Spring-Hibernate\Hibernate Applications\Xworkz_CommonModule_Poornima
29-Dec-2024 02:03:11.456 INFO [main] org.apache.catalina.startup.VersionLoggerListener.log Command line argument: -Djava.io.tmpdir=C:\Users\ASUS\Desktop\Spring-Hibernate\Hibernate Applications\Xworkz_CommonModule_Poornima\temp
29-Dec-2024 02:03:11.456 INFO [main] org.apache.catalina.startup.VersionLoggerListener.log Command line argument: -Djava.util.logging.config.file=C:\Users\ASUS\Desktop\Spring-Hibernate\Hibernate Applications\Xworkz_CommonModule_Poornima\conf\logging.properties
29-Dec-2024 02:03:11.456 INFO [main] org.apache.catalina.startup.VersionLoggerListener.log Command line argument: -Djava.util.logging.manager=org.apache.juli.ClassLoaderLogManager
29-Dec-2024 02:03:11.456 INFO [main] org.apache.catalina.startup.VersionLoggerListener.log Command line argument: -javaagent:C:\Program Files\JetBrains\IntelliJ IDEA Community Edition 2024.3\lib\idea_rt.jar=62459:C:\Program Files\JetBrains\IntelliJ IDEA Community Edition 2024.3\bin
29-Dec-2024 02:03:11.456 INFO [main] org.apache.catalina.startup.VersionLoggerListener.log Command line argument: -Dfile.encoding=UTF-8
29-Dec-2024 02:03:11.463 INFO [main] org.apache.catalina.core.AprLifecycleListener.lifecycleEvent Loaded Apache Tomcat Native library [1.2.25] using APR version [1.7.0].
29-Dec-2024 02:03:11.463 INFO [main] org.apache.catalina.core.AprLifecycleListener.lifecycleEvent APR capabilities: IPv6 [true], sendfile [true], accept filters [false], random [true].
29-Dec-2024 02:03:11.463 INFO [main] org.apache.catalina.core.AprLifecycleListener.lifecycleEvent APR/OpenSSL configuration: useAprConnector [false], useOpenSSL [true]
29-Dec-2024 02:03:11.475 INFO [main] org.apache.catalina.core.AprLifecycleListener.initializeSSL OpenSSL successfully initialized [OpenSSL 1.1.1g  21 Apr 2020]
29-Dec-2024 02:03:12.245 INFO [main] org.apache.coyote.AbstractProtocol.init Initializing ProtocolHandler ["http-nio-9999"]
29-Dec-2024 02:03:12.565 INFO [main] org.apache.catalina.startup.Catalina.load Server initialization in [1533] milliseconds
29-Dec-2024 02:03:12.613 INFO [main] org.apache.catalina.core.StandardService.startInternal Starting service [Catalina]
29-Dec-2024 02:03:12.614 INFO [main] org.apache.catalina.core.StandardEngine.startInternal Starting Servlet engine: [Apache Tomcat/9.0.38]
29-Dec-2024 02:03:12.629 INFO [main] org.apache.catalina.startup.HostConfig.deployDescriptor Deploying deployment descriptor [C:\Users\ASUS\Desktop\Spring-Hibernate\Hibernate Applications\Xworkz_CommonModule_Poornima\conf\Catalina\localhost\IndianRailways.xml]
29-Dec-2024 02:03:13.328 INFO [main] org.apache.jasper.servlet.TldScanner.scanJars At least one JAR was scanned for TLDs yet contained no TLDs. Enable debug logging for this logger for a complete list of JARs that were scanned but no TLDs were found in them. Skipping unneeded JARs during scanning can improve startup time and JSP compilation time.
29-Dec-2024 02:03:13.409 INFO [main] org.apache.catalina.startup.HostConfig.deployDescriptor Deployment of deployment descriptor [C:\Users\ASUS\Desktop\Spring-Hibernate\Hibernate Applications\Xworkz_CommonModule_Poornima\conf\Catalina\localhost\IndianRailways.xml] has finished in [778] ms
29-Dec-2024 02:03:13.409 INFO [main] org.apache.catalina.startup.HostConfig.deployDescriptor Deploying deployment descriptor [C:\Users\ASUS\Desktop\Spring-Hibernate\Hibernate Applications\Xworkz_CommonModule_Poornima\conf\Catalina\localhost\Xworkz_CommonModule_Poornima.xml]
29-Dec-2024 02:03:21.933 INFO [main] org.apache.jasper.servlet.TldScanner.scanJars At least one JAR was scanned for TLDs yet contained no TLDs. Enable debug logging for this logger for a complete list of JARs that were scanned but no TLDs were found in them. Skipping unneeded JARs during scanning can improve startup time and JSP compilation time.
29-Dec-2024 02:03:39.809 INFO [main] org.apache.catalina.startup.HostConfig.deployDescriptor Deployment of deployment descriptor [C:\Users\ASUS\Desktop\Spring-Hibernate\Hibernate Applications\Xworkz_CommonModule_Poornima\conf\Catalina\localhost\Xworkz_CommonModule_Poornima.xml] has finished in [26,400] ms
29-Dec-2024 02:03:39.816 INFO [main] org.apache.coyote.AbstractProtocol.start Starting ProtocolHandler ["http-nio-9999"]
29-Dec-2024 02:03:39.837 INFO [main] org.apache.catalina.startup.Catalina.start Server startup in [27271] milliseconds
29-Dec-2024 02:04:54.075 INFO [Thread-4] org.apache.coyote.AbstractProtocol.pause Pausing ProtocolHandler ["http-nio-9999"]
29-Dec-2024 02:04:54.289 INFO [Thread-4] org.apache.catalina.core.StandardService.stopInternal Stopping service [Catalina]
29-Dec-2024 02:04:54.385 WARNING [Thread-4] org.apache.catalina.loader.WebappClassLoaderBase.clearReferencesJdbc The web application [Xworkz_CommonModule_Poornima] registered the JDBC driver [com.mysql.cj.jdbc.Driver] but failed to unregister it when the web application was stopped. To prevent a memory leak, the JDBC Driver has been forcibly unregistered.
29-Dec-2024 02:04:54.386 WARNING [Thread-4] org.apache.catalina.loader.WebappClassLoaderBase.clearReferencesThreads The web application [Xworkz_CommonModule_Poornima] appears to have started a thread named [mysql-cj-abandoned-connection-cleanup] but has failed to stop it. This is very likely to create a memory leak. Stack trace of thread:
 java.lang.Object.wait(Native Method)
 java.lang.ref.ReferenceQueue.remove(ReferenceQueue.java:144)
 com.mysql.cj.jdbc.AbandonedConnectionCleanupThread.run(AbandonedConnectionCleanupThread.java:91)
 java.util.concurrent.ThreadPoolExecutor.runWorker(ThreadPoolExecutor.java:1149)
 java.util.concurrent.ThreadPoolExecutor$Worker.run(ThreadPoolExecutor.java:624)
 java.lang.Thread.run(Thread.java:748)
29-Dec-2024 02:04:54.397 INFO [Thread-4] org.apache.coyote.AbstractProtocol.stop Stopping ProtocolHandler ["http-nio-9999"]
29-Dec-2024 02:04:54.469 INFO [Thread-4] org.apache.coyote.AbstractProtocol.destroy Destroying ProtocolHandler ["http-nio-9999"]
29-Dec-2024 13:49:39.191 INFO [main] org.apache.catalina.startup.VersionLoggerListener.log Server version name:   Apache Tomcat/9.0.38
29-Dec-2024 13:49:39.195 INFO [main] org.apache.catalina.startup.VersionLoggerListener.log Server built:          Sep 10 2020 08:20:30 UTC
29-Dec-2024 13:49:39.195 INFO [main] org.apache.catalina.startup.VersionLoggerListener.log Server version number: 9.0.38.0
29-Dec-2024 13:49:39.195 INFO [main] org.apache.catalina.startup.VersionLoggerListener.log OS Name:               Windows 10
29-Dec-2024 13:49:39.195 INFO [main] org.apache.catalina.startup.VersionLoggerListener.log OS Version:            10.0
29-Dec-2024 13:49:39.195 INFO [main] org.apache.catalina.startup.VersionLoggerListener.log Architecture:          amd64
29-Dec-2024 13:49:39.196 INFO [main] org.apache.catalina.startup.VersionLoggerListener.log Java Home:             C:\Program Files\Java\jdk1.8.0_261\jre
29-Dec-2024 13:49:39.196 INFO [main] org.apache.catalina.startup.VersionLoggerListener.log JVM Version:           1.8.0_261-b12
29-Dec-2024 13:49:39.196 INFO [main] org.apache.catalina.startup.VersionLoggerListener.log JVM Vendor:            Oracle Corporation
29-Dec-2024 13:49:39.196 INFO [main] org.apache.catalina.startup.VersionLoggerListener.log CATALINA_BASE:         C:\Users\ASUS\Desktop\Spring-Hibernate\Hibernate Applications\Xworkz_CommonModule_Poornima
29-Dec-2024 13:49:39.196 INFO [main] org.apache.catalina.startup.VersionLoggerListener.log CATALINA_HOME:         C:\Users\ASUS\Downloads\apache-tomcat-9.0.38-windows-x64\apache-tomcat-9.0.38
29-Dec-2024 13:49:39.201 INFO [main] org.apache.catalina.startup.VersionLoggerListener.log Command line argument: -Dcatalina.home=C:\Users\ASUS\Downloads\apache-tomcat-9.0.38-windows-x64\apache-tomcat-9.0.38
29-Dec-2024 13:49:39.201 INFO [main] org.apache.catalina.startup.VersionLoggerListener.log Command line argument: -Dcatalina.base=C:\Users\ASUS\Desktop\Spring-Hibernate\Hibernate Applications\Xworkz_CommonModule_Poornima
29-Dec-2024 13:49:39.201 INFO [main] org.apache.catalina.startup.VersionLoggerListener.log Command line argument: -Djava.io.tmpdir=C:\Users\ASUS\Desktop\Spring-Hibernate\Hibernate Applications\Xworkz_CommonModule_Poornima\temp
29-Dec-2024 13:49:39.202 INFO [main] org.apache.catalina.startup.VersionLoggerListener.log Command line argument: -Djava.util.logging.config.file=C:\Users\ASUS\Desktop\Spring-Hibernate\Hibernate Applications\Xworkz_CommonModule_Poornima\conf\logging.properties
29-Dec-2024 13:49:39.202 INFO [main] org.apache.catalina.startup.VersionLoggerListener.log Command line argument: -Djava.util.logging.manager=org.apache.juli.ClassLoaderLogManager
29-Dec-2024 13:49:39.202 INFO [main] org.apache.catalina.startup.VersionLoggerListener.log Command line argument: -javaagent:C:\Program Files\JetBrains\IntelliJ IDEA Community Edition 2024.3\lib\idea_rt.jar=50108:C:\Program Files\JetBrains\IntelliJ IDEA Community Edition 2024.3\bin
29-Dec-2024 13:49:39.202 INFO [main] org.apache.catalina.startup.VersionLoggerListener.log Command line argument: -Dfile.encoding=UTF-8
29-Dec-2024 13:49:39.215 INFO [main] org.apache.catalina.core.AprLifecycleListener.lifecycleEvent Loaded Apache Tomcat Native library [1.2.25] using APR version [1.7.0].
29-Dec-2024 13:49:39.216 INFO [main] org.apache.catalina.core.AprLifecycleListener.lifecycleEvent APR capabilities: IPv6 [true], sendfile [true], accept filters [false], random [true].
29-Dec-2024 13:49:39.216 INFO [main] org.apache.catalina.core.AprLifecycleListener.lifecycleEvent APR/OpenSSL configuration: useAprConnector [false], useOpenSSL [true]
29-Dec-2024 13:49:39.242 INFO [main] org.apache.catalina.core.AprLifecycleListener.initializeSSL OpenSSL successfully initialized [OpenSSL 1.1.1g  21 Apr 2020]
29-Dec-2024 13:49:40.069 INFO [main] org.apache.coyote.AbstractProtocol.init Initializing ProtocolHandler ["http-nio-9999"]
29-Dec-2024 13:49:40.416 INFO [main] org.apache.catalina.startup.Catalina.load Server initialization in [1793] milliseconds
29-Dec-2024 13:49:40.471 INFO [main] org.apache.catalina.core.StandardService.startInternal Starting service [Catalina]
29-Dec-2024 13:49:40.472 INFO [main] org.apache.catalina.core.StandardEngine.startInternal Starting Servlet engine: [Apache Tomcat/9.0.38]
29-Dec-2024 13:49:40.493 INFO [main] org.apache.catalina.startup.HostConfig.deployDescriptor Deploying deployment descriptor [C:\Users\ASUS\Desktop\Spring-Hibernate\Hibernate Applications\Xworkz_CommonModule_Poornima\conf\Catalina\localhost\IndianRailways.xml]
29-Dec-2024 13:49:41.249 INFO [main] org.apache.jasper.servlet.TldScanner.scanJars At least one JAR was scanned for TLDs yet contained no TLDs. Enable debug logging for this logger for a complete list of JARs that were scanned but no TLDs were found in them. Skipping unneeded JARs during scanning can improve startup time and JSP compilation time.
29-Dec-2024 13:49:41.346 INFO [main] org.apache.catalina.startup.HostConfig.deployDescriptor Deployment of deployment descriptor [C:\Users\ASUS\Desktop\Spring-Hibernate\Hibernate Applications\Xworkz_CommonModule_Poornima\conf\Catalina\localhost\IndianRailways.xml] has finished in [852] ms
29-Dec-2024 13:49:41.346 INFO [main] org.apache.catalina.startup.HostConfig.deployDescriptor Deploying deployment descriptor [C:\Users\ASUS\Desktop\Spring-Hibernate\Hibernate Applications\Xworkz_CommonModule_Poornima\conf\Catalina\localhost\Xworkz_CommonModule_Poornima.xml]
29-Dec-2024 13:49:49.336 INFO [main] org.apache.jasper.servlet.TldScanner.scanJars At least one JAR was scanned for TLDs yet contained no TLDs. Enable debug logging for this logger for a complete list of JARs that were scanned but no TLDs were found in them. Skipping unneeded JARs during scanning can improve startup time and JSP compilation time.
29-Dec-2024 13:50:05.342 INFO [main] org.apache.catalina.startup.HostConfig.deployDescriptor Deployment of deployment descriptor [C:\Users\ASUS\Desktop\Spring-Hibernate\Hibernate Applications\Xworkz_CommonModule_Poornima\conf\Catalina\localhost\Xworkz_CommonModule_Poornima.xml] has finished in [23,996] ms
29-Dec-2024 13:50:05.349 INFO [main] org.apache.coyote.AbstractProtocol.start Starting ProtocolHandler ["http-nio-9999"]
29-Dec-2024 13:50:05.370 INFO [main] org.apache.catalina.startup.Catalina.start Server startup in [24953] milliseconds
29-Dec-2024 14:17:00.265 INFO [Thread-4] org.apache.coyote.AbstractProtocol.pause Pausing ProtocolHandler ["http-nio-9999"]
29-Dec-2024 14:17:00.546 INFO [Thread-4] org.apache.catalina.core.StandardService.stopInternal Stopping service [Catalina]
29-Dec-2024 14:17:01.064 WARNING [Thread-4] org.apache.catalina.loader.WebappClassLoaderBase.clearReferencesJdbc The web application [Xworkz_CommonModule_Poornima] registered the JDBC driver [com.mysql.cj.jdbc.Driver] but failed to unregister it when the web application was stopped. To prevent a memory leak, the JDBC Driver has been forcibly unregistered.
29-Dec-2024 14:17:01.068 WARNING [Thread-4] org.apache.catalina.loader.WebappClassLoaderBase.clearReferencesThreads The web application [Xworkz_CommonModule_Poornima] appears to have started a thread named [mysql-cj-abandoned-connection-cleanup] but has failed to stop it. This is very likely to create a memory leak. Stack trace of thread:
 java.lang.Object.wait(Native Method)
 java.lang.ref.ReferenceQueue.remove(ReferenceQueue.java:144)
 com.mysql.cj.jdbc.AbandonedConnectionCleanupThread.run(AbandonedConnectionCleanupThread.java:91)
 java.util.concurrent.ThreadPoolExecutor.runWorker(ThreadPoolExecutor.java:1149)
 java.util.concurrent.ThreadPoolExecutor$Worker.run(ThreadPoolExecutor.java:624)
 java.lang.Thread.run(Thread.java:748)
29-Dec-2024 14:17:01.098 INFO [Thread-4] org.apache.coyote.AbstractProtocol.stop Stopping ProtocolHandler ["http-nio-9999"]
29-Dec-2024 14:17:01.137 INFO [mysql-cj-abandoned-connection-cleanup] org.apache.catalina.loader.WebappClassLoaderBase.checkStateForResourceLoading Illegal access: this web application instance has been stopped already. Could not load []. The following stack trace is thrown for debugging purposes as well as to attempt to terminate the thread which caused the illegal access.
	java.lang.IllegalStateException: Illegal access: this web application instance has been stopped already. Could not load []. The following stack trace is thrown for debugging purposes as well as to attempt to terminate the thread which caused the illegal access.
		at org.apache.catalina.loader.WebappClassLoaderBase.checkStateForResourceLoading(WebappClassLoaderBase.java:1385)
		at org.apache.catalina.loader.WebappClassLoaderBase.getResource(WebappClassLoaderBase.java:1038)
		at com.mysql.cj.jdbc.AbandonedConnectionCleanupThread.checkThreadContextClassLoader(AbandonedConnectionCleanupThread.java:123)
		at com.mysql.cj.jdbc.AbandonedConnectionCleanupThread.run(AbandonedConnectionCleanupThread.java:90)
		at java.util.concurrent.ThreadPoolExecutor.runWorker(ThreadPoolExecutor.java:1149)
		at java.util.concurrent.ThreadPoolExecutor$Worker.run(ThreadPoolExecutor.java:624)
		at java.lang.Thread.run(Thread.java:748)
29-Dec-2024 14:17:01.170 INFO [Thread-4] org.apache.coyote.AbstractProtocol.destroy Destroying ProtocolHandler ["http-nio-9999"]
29-Dec-2024 22:29:36.388 INFO [main] org.apache.catalina.startup.VersionLoggerListener.log Server version name:   Apache Tomcat/9.0.38
29-Dec-2024 22:29:36.393 INFO [main] org.apache.catalina.startup.VersionLoggerListener.log Server built:          Sep 10 2020 08:20:30 UTC
29-Dec-2024 22:29:36.394 INFO [main] org.apache.catalina.startup.VersionLoggerListener.log Server version number: 9.0.38.0
29-Dec-2024 22:29:36.394 INFO [main] org.apache.catalina.startup.VersionLoggerListener.log OS Name:               Windows 10
29-Dec-2024 22:29:36.394 INFO [main] org.apache.catalina.startup.VersionLoggerListener.log OS Version:            10.0
29-Dec-2024 22:29:36.394 INFO [main] org.apache.catalina.startup.VersionLoggerListener.log Architecture:          amd64
29-Dec-2024 22:29:36.394 INFO [main] org.apache.catalina.startup.VersionLoggerListener.log Java Home:             C:\Program Files\Java\jdk1.8.0_261\jre
29-Dec-2024 22:29:36.394 INFO [main] org.apache.catalina.startup.VersionLoggerListener.log JVM Version:           1.8.0_261-b12
29-Dec-2024 22:29:36.394 INFO [main] org.apache.catalina.startup.VersionLoggerListener.log JVM Vendor:            Oracle Corporation
29-Dec-2024 22:29:36.394 INFO [main] org.apache.catalina.startup.VersionLoggerListener.log CATALINA_BASE:         C:\Users\ASUS\Desktop\Spring-Hibernate\Hibernate Applications\Xworkz_CommonModule_Poornima
29-Dec-2024 22:29:36.395 INFO [main] org.apache.catalina.startup.VersionLoggerListener.log CATALINA_HOME:         C:\Users\ASUS\Downloads\apache-tomcat-9.0.38-windows-x64\apache-tomcat-9.0.38
29-Dec-2024 22:29:36.399 INFO [main] org.apache.catalina.startup.VersionLoggerListener.log Command line argument: -Dcatalina.home=C:\Users\ASUS\Downloads\apache-tomcat-9.0.38-windows-x64\apache-tomcat-9.0.38
29-Dec-2024 22:29:36.399 INFO [main] org.apache.catalina.startup.VersionLoggerListener.log Command line argument: -Dcatalina.base=C:\Users\ASUS\Desktop\Spring-Hibernate\Hibernate Applications\Xworkz_CommonModule_Poornima
29-Dec-2024 22:29:36.399 INFO [main] org.apache.catalina.startup.VersionLoggerListener.log Command line argument: -Djava.io.tmpdir=C:\Users\ASUS\Desktop\Spring-Hibernate\Hibernate Applications\Xworkz_CommonModule_Poornima\temp
29-Dec-2024 22:29:36.400 INFO [main] org.apache.catalina.startup.VersionLoggerListener.log Command line argument: -Djava.util.logging.config.file=C:\Users\ASUS\Desktop\Spring-Hibernate\Hibernate Applications\Xworkz_CommonModule_Poornima\conf\logging.properties
29-Dec-2024 22:29:36.400 INFO [main] org.apache.catalina.startup.VersionLoggerListener.log Command line argument: -Djava.util.logging.manager=org.apache.juli.ClassLoaderLogManager
29-Dec-2024 22:29:36.400 INFO [main] org.apache.catalina.startup.VersionLoggerListener.log Command line argument: -javaagent:C:\Program Files\JetBrains\IntelliJ IDEA Community Edition 2024.3\lib\idea_rt.jar=51189:C:\Program Files\JetBrains\IntelliJ IDEA Community Edition 2024.3\bin
29-Dec-2024 22:29:36.400 INFO [main] org.apache.catalina.startup.VersionLoggerListener.log Command line argument: -Dfile.encoding=UTF-8
29-Dec-2024 22:29:36.413 INFO [main] org.apache.catalina.core.AprLifecycleListener.lifecycleEvent Loaded Apache Tomcat Native library [1.2.25] using APR version [1.7.0].
29-Dec-2024 22:29:36.413 INFO [main] org.apache.catalina.core.AprLifecycleListener.lifecycleEvent APR capabilities: IPv6 [true], sendfile [true], accept filters [false], random [true].
29-Dec-2024 22:29:36.413 INFO [main] org.apache.catalina.core.AprLifecycleListener.lifecycleEvent APR/OpenSSL configuration: useAprConnector [false], useOpenSSL [true]
29-Dec-2024 22:29:36.440 INFO [main] org.apache.catalina.core.AprLifecycleListener.initializeSSL OpenSSL successfully initialized [OpenSSL 1.1.1g  21 Apr 2020]
29-Dec-2024 22:29:37.323 INFO [main] org.apache.coyote.AbstractProtocol.init Initializing ProtocolHandler ["http-nio-9999"]
29-Dec-2024 22:29:37.672 INFO [main] org.apache.catalina.startup.Catalina.load Server initialization in [1843] milliseconds
29-Dec-2024 22:29:37.735 INFO [main] org.apache.catalina.core.StandardService.startInternal Starting service [Catalina]
29-Dec-2024 22:29:37.736 INFO [main] org.apache.catalina.core.StandardEngine.startInternal Starting Servlet engine: [Apache Tomcat/9.0.38]
29-Dec-2024 22:29:37.756 INFO [main] org.apache.catalina.startup.HostConfig.deployDescriptor Deploying deployment descriptor [C:\Users\ASUS\Desktop\Spring-Hibernate\Hibernate Applications\Xworkz_CommonModule_Poornima\conf\Catalina\localhost\IndianRailways.xml]
29-Dec-2024 22:29:38.530 INFO [main] org.apache.jasper.servlet.TldScanner.scanJars At least one JAR was scanned for TLDs yet contained no TLDs. Enable debug logging for this logger for a complete list of JARs that were scanned but no TLDs were found in them. Skipping unneeded JARs during scanning can improve startup time and JSP compilation time.
29-Dec-2024 22:29:38.612 INFO [main] org.apache.catalina.startup.HostConfig.deployDescriptor Deployment of deployment descriptor [C:\Users\ASUS\Desktop\Spring-Hibernate\Hibernate Applications\Xworkz_CommonModule_Poornima\conf\Catalina\localhost\IndianRailways.xml] has finished in [855] ms
29-Dec-2024 22:29:38.612 INFO [main] org.apache.catalina.startup.HostConfig.deployDescriptor Deploying deployment descriptor [C:\Users\ASUS\Desktop\Spring-Hibernate\Hibernate Applications\Xworkz_CommonModule_Poornima\conf\Catalina\localhost\Xworkz_CommonModule_Poornima.xml]
29-Dec-2024 22:29:46.700 INFO [main] org.apache.jasper.servlet.TldScanner.scanJars At least one JAR was scanned for TLDs yet contained no TLDs. Enable debug logging for this logger for a complete list of JARs that were scanned but no TLDs were found in them. Skipping unneeded JARs during scanning can improve startup time and JSP compilation time.
29-Dec-2024 22:30:02.961 INFO [main] org.apache.catalina.startup.HostConfig.deployDescriptor Deployment of deployment descriptor [C:\Users\ASUS\Desktop\Spring-Hibernate\Hibernate Applications\Xworkz_CommonModule_Poornima\conf\Catalina\localhost\Xworkz_CommonModule_Poornima.xml] has finished in [24,349] ms
29-Dec-2024 22:30:02.968 INFO [main] org.apache.coyote.AbstractProtocol.start Starting ProtocolHandler ["http-nio-9999"]
29-Dec-2024 22:30:02.985 INFO [main] org.apache.catalina.startup.Catalina.start Server startup in [25312] milliseconds
29-Dec-2024 22:47:30.875 INFO [Thread-4] org.apache.coyote.AbstractProtocol.pause Pausing ProtocolHandler ["http-nio-9999"]
29-Dec-2024 22:47:30.992 INFO [Thread-4] org.apache.catalina.core.StandardService.stopInternal Stopping service [Catalina]
29-Dec-2024 22:47:31.085 WARNING [Thread-4] org.apache.catalina.loader.WebappClassLoaderBase.clearReferencesJdbc The web application [Xworkz_CommonModule_Poornima] registered the JDBC driver [com.mysql.cj.jdbc.Driver] but failed to unregister it when the web application was stopped. To prevent a memory leak, the JDBC Driver has been forcibly unregistered.
29-Dec-2024 22:47:31.086 WARNING [Thread-4] org.apache.catalina.loader.WebappClassLoaderBase.clearReferencesThreads The web application [Xworkz_CommonModule_Poornima] appears to have started a thread named [mysql-cj-abandoned-connection-cleanup] but has failed to stop it. This is very likely to create a memory leak. Stack trace of thread:
 java.lang.Object.wait(Native Method)
 java.lang.ref.ReferenceQueue.remove(ReferenceQueue.java:144)
 com.mysql.cj.jdbc.AbandonedConnectionCleanupThread.run(AbandonedConnectionCleanupThread.java:91)
 java.util.concurrent.ThreadPoolExecutor.runWorker(ThreadPoolExecutor.java:1149)
 java.util.concurrent.ThreadPoolExecutor$Worker.run(ThreadPoolExecutor.java:624)
 java.lang.Thread.run(Thread.java:748)
29-Dec-2024 22:47:31.092 INFO [Thread-4] org.apache.coyote.AbstractProtocol.stop Stopping ProtocolHandler ["http-nio-9999"]
29-Dec-2024 22:47:31.103 INFO [Thread-4] org.apache.coyote.AbstractProtocol.destroy Destroying ProtocolHandler ["http-nio-9999"]
29-Dec-2024 23:13:58.558 INFO [main] org.apache.catalina.startup.VersionLoggerListener.log Server version name:   Apache Tomcat/9.0.38
29-Dec-2024 23:13:58.566 INFO [main] org.apache.catalina.startup.VersionLoggerListener.log Server built:          Sep 10 2020 08:20:30 UTC
29-Dec-2024 23:13:58.566 INFO [main] org.apache.catalina.startup.VersionLoggerListener.log Server version number: 9.0.38.0
29-Dec-2024 23:13:58.566 INFO [main] org.apache.catalina.startup.VersionLoggerListener.log OS Name:               Windows 10
29-Dec-2024 23:13:58.566 INFO [main] org.apache.catalina.startup.VersionLoggerListener.log OS Version:            10.0
29-Dec-2024 23:13:58.567 INFO [main] org.apache.catalina.startup.VersionLoggerListener.log Architecture:          amd64
29-Dec-2024 23:13:58.568 INFO [main] org.apache.catalina.startup.VersionLoggerListener.log Java Home:             C:\Program Files\Java\jdk1.8.0_261\jre
29-Dec-2024 23:13:58.568 INFO [main] org.apache.catalina.startup.VersionLoggerListener.log JVM Version:           1.8.0_261-b12
29-Dec-2024 23:13:58.568 INFO [main] org.apache.catalina.startup.VersionLoggerListener.log JVM Vendor:            Oracle Corporation
29-Dec-2024 23:13:58.568 INFO [main] org.apache.catalina.startup.VersionLoggerListener.log CATALINA_BASE:         C:\Users\ASUS\Desktop\Spring-Hibernate\Hibernate Applications\Xworkz_CommonModule_Poornima
29-Dec-2024 23:13:58.568 INFO [main] org.apache.catalina.startup.VersionLoggerListener.log CATALINA_HOME:         C:\Users\ASUS\Downloads\apache-tomcat-9.0.38-windows-x64\apache-tomcat-9.0.38
29-Dec-2024 23:13:58.573 INFO [main] org.apache.catalina.startup.VersionLoggerListener.log Command line argument: -Dcatalina.home=C:\Users\ASUS\Downloads\apache-tomcat-9.0.38-windows-x64\apache-tomcat-9.0.38
29-Dec-2024 23:13:58.573 INFO [main] org.apache.catalina.startup.VersionLoggerListener.log Command line argument: -Dcatalina.base=C:\Users\ASUS\Desktop\Spring-Hibernate\Hibernate Applications\Xworkz_CommonModule_Poornima
29-Dec-2024 23:13:58.573 INFO [main] org.apache.catalina.startup.VersionLoggerListener.log Command line argument: -Djava.io.tmpdir=C:\Users\ASUS\Desktop\Spring-Hibernate\Hibernate Applications\Xworkz_CommonModule_Poornima\temp
29-Dec-2024 23:13:58.574 INFO [main] org.apache.catalina.startup.VersionLoggerListener.log Command line argument: -Djava.util.logging.config.file=C:\Users\ASUS\Desktop\Spring-Hibernate\Hibernate Applications\Xworkz_CommonModule_Poornima\conf\logging.properties
29-Dec-2024 23:13:58.574 INFO [main] org.apache.catalina.startup.VersionLoggerListener.log Command line argument: -Djava.util.logging.manager=org.apache.juli.ClassLoaderLogManager
29-Dec-2024 23:13:58.574 INFO [main] org.apache.catalina.startup.VersionLoggerListener.log Command line argument: -javaagent:C:\Program Files\JetBrains\IntelliJ IDEA Community Edition 2024.3\lib\idea_rt.jar=51210:C:\Program Files\JetBrains\IntelliJ IDEA Community Edition 2024.3\bin
29-Dec-2024 23:13:58.575 INFO [main] org.apache.catalina.startup.VersionLoggerListener.log Command line argument: -Dfile.encoding=UTF-8
29-Dec-2024 23:13:58.583 INFO [main] org.apache.catalina.core.AprLifecycleListener.lifecycleEvent Loaded Apache Tomcat Native library [1.2.25] using APR version [1.7.0].
29-Dec-2024 23:13:58.584 INFO [main] org.apache.catalina.core.AprLifecycleListener.lifecycleEvent APR capabilities: IPv6 [true], sendfile [true], accept filters [false], random [true].
29-Dec-2024 23:13:58.584 INFO [main] org.apache.catalina.core.AprLifecycleListener.lifecycleEvent APR/OpenSSL configuration: useAprConnector [false], useOpenSSL [true]
29-Dec-2024 23:13:58.596 INFO [main] org.apache.catalina.core.AprLifecycleListener.initializeSSL OpenSSL successfully initialized [OpenSSL 1.1.1g  21 Apr 2020]
29-Dec-2024 23:13:59.515 INFO [main] org.apache.coyote.AbstractProtocol.init Initializing ProtocolHandler ["http-nio-9999"]
29-Dec-2024 23:13:59.868 INFO [main] org.apache.catalina.startup.Catalina.load Server initialization in [1752] milliseconds
29-Dec-2024 23:13:59.921 INFO [main] org.apache.catalina.core.StandardService.startInternal Starting service [Catalina]
29-Dec-2024 23:13:59.921 INFO [main] org.apache.catalina.core.StandardEngine.startInternal Starting Servlet engine: [Apache Tomcat/9.0.38]
29-Dec-2024 23:13:59.939 INFO [main] org.apache.catalina.startup.HostConfig.deployDescriptor Deploying deployment descriptor [C:\Users\ASUS\Desktop\Spring-Hibernate\Hibernate Applications\Xworkz_CommonModule_Poornima\conf\Catalina\localhost\IndianRailways.xml]
29-Dec-2024 23:14:00.754 INFO [main] org.apache.jasper.servlet.TldScanner.scanJars At least one JAR was scanned for TLDs yet contained no TLDs. Enable debug logging for this logger for a complete list of JARs that were scanned but no TLDs were found in them. Skipping unneeded JARs during scanning can improve startup time and JSP compilation time.
29-Dec-2024 23:14:00.841 INFO [main] org.apache.catalina.startup.HostConfig.deployDescriptor Deployment of deployment descriptor [C:\Users\ASUS\Desktop\Spring-Hibernate\Hibernate Applications\Xworkz_CommonModule_Poornima\conf\Catalina\localhost\IndianRailways.xml] has finished in [900] ms
29-Dec-2024 23:14:00.841 INFO [main] org.apache.catalina.startup.HostConfig.deployDescriptor Deploying deployment descriptor [C:\Users\ASUS\Desktop\Spring-Hibernate\Hibernate Applications\Xworkz_CommonModule_Poornima\conf\Catalina\localhost\Xworkz_CommonModule_Poornima.xml]
29-Dec-2024 23:14:10.351 INFO [main] org.apache.jasper.servlet.TldScanner.scanJars At least one JAR was scanned for TLDs yet contained no TLDs. Enable debug logging for this logger for a complete list of JARs that were scanned but no TLDs were found in them. Skipping unneeded JARs during scanning can improve startup time and JSP compilation time.
29-Dec-2024 23:14:27.752 INFO [main] org.apache.catalina.startup.HostConfig.deployDescriptor Deployment of deployment descriptor [C:\Users\ASUS\Desktop\Spring-Hibernate\Hibernate Applications\Xworkz_CommonModule_Poornima\conf\Catalina\localhost\Xworkz_CommonModule_Poornima.xml] has finished in [26,910] ms
29-Dec-2024 23:14:27.759 INFO [main] org.apache.coyote.AbstractProtocol.start Starting ProtocolHandler ["http-nio-9999"]
29-Dec-2024 23:14:27.775 INFO [main] org.apache.catalina.startup.Catalina.start Server startup in [27906] milliseconds
29-Dec-2024 23:19:14.789 INFO [Thread-4] org.apache.coyote.AbstractProtocol.pause Pausing ProtocolHandler ["http-nio-9999"]
29-Dec-2024 23:19:14.983 INFO [Thread-4] org.apache.catalina.core.StandardService.stopInternal Stopping service [Catalina]
29-Dec-2024 23:19:15.057 WARNING [Thread-4] org.apache.catalina.loader.WebappClassLoaderBase.clearReferencesJdbc The web application [Xworkz_CommonModule_Poornima] registered the JDBC driver [com.mysql.cj.jdbc.Driver] but failed to unregister it when the web application was stopped. To prevent a memory leak, the JDBC Driver has been forcibly unregistered.
29-Dec-2024 23:19:15.059 WARNING [Thread-4] org.apache.catalina.loader.WebappClassLoaderBase.clearReferencesThreads The web application [Xworkz_CommonModule_Poornima] appears to have started a thread named [mysql-cj-abandoned-connection-cleanup] but has failed to stop it. This is very likely to create a memory leak. Stack trace of thread:
 java.lang.Object.wait(Native Method)
 java.lang.ref.ReferenceQueue.remove(ReferenceQueue.java:144)
 com.mysql.cj.jdbc.AbandonedConnectionCleanupThread.run(AbandonedConnectionCleanupThread.java:91)
 java.util.concurrent.ThreadPoolExecutor.runWorker(ThreadPoolExecutor.java:1149)
 java.util.concurrent.ThreadPoolExecutor$Worker.run(ThreadPoolExecutor.java:624)
 java.lang.Thread.run(Thread.java:748)
29-Dec-2024 23:19:15.067 INFO [Thread-4] org.apache.coyote.AbstractProtocol.stop Stopping ProtocolHandler ["http-nio-9999"]
29-Dec-2024 23:19:15.109 INFO [Thread-4] org.apache.coyote.AbstractProtocol.destroy Destroying ProtocolHandler ["http-nio-9999"]
29-Dec-2024 23:19:20.032 INFO [main] org.apache.catalina.startup.VersionLoggerListener.log Server version name:   Apache Tomcat/9.0.38
29-Dec-2024 23:19:20.039 INFO [main] org.apache.catalina.startup.VersionLoggerListener.log Server built:          Sep 10 2020 08:20:30 UTC
29-Dec-2024 23:19:20.040 INFO [main] org.apache.catalina.startup.VersionLoggerListener.log Server version number: 9.0.38.0
29-Dec-2024 23:19:20.040 INFO [main] org.apache.catalina.startup.VersionLoggerListener.log OS Name:               Windows 10
29-Dec-2024 23:19:20.040 INFO [main] org.apache.catalina.startup.VersionLoggerListener.log OS Version:            10.0
29-Dec-2024 23:19:20.040 INFO [main] org.apache.catalina.startup.VersionLoggerListener.log Architecture:          amd64
29-Dec-2024 23:19:20.041 INFO [main] org.apache.catalina.startup.VersionLoggerListener.log Java Home:             C:\Program Files\Java\jdk1.8.0_261\jre
29-Dec-2024 23:19:20.041 INFO [main] org.apache.catalina.startup.VersionLoggerListener.log JVM Version:           1.8.0_261-b12
29-Dec-2024 23:19:20.041 INFO [main] org.apache.catalina.startup.VersionLoggerListener.log JVM Vendor:            Oracle Corporation
29-Dec-2024 23:19:20.041 INFO [main] org.apache.catalina.startup.VersionLoggerListener.log CATALINA_BASE:         C:\Users\ASUS\Desktop\Spring-Hibernate\Hibernate Applications\Xworkz_CommonModule_Poornima
29-Dec-2024 23:19:20.041 INFO [main] org.apache.catalina.startup.VersionLoggerListener.log CATALINA_HOME:         C:\Users\ASUS\Downloads\apache-tomcat-9.0.38-windows-x64\apache-tomcat-9.0.38
29-Dec-2024 23:19:20.046 INFO [main] org.apache.catalina.startup.VersionLoggerListener.log Command line argument: -Dcatalina.home=C:\Users\ASUS\Downloads\apache-tomcat-9.0.38-windows-x64\apache-tomcat-9.0.38
29-Dec-2024 23:19:20.047 INFO [main] org.apache.catalina.startup.VersionLoggerListener.log Command line argument: -Dcatalina.base=C:\Users\ASUS\Desktop\Spring-Hibernate\Hibernate Applications\Xworkz_CommonModule_Poornima
29-Dec-2024 23:19:20.047 INFO [main] org.apache.catalina.startup.VersionLoggerListener.log Command line argument: -Djava.io.tmpdir=C:\Users\ASUS\Desktop\Spring-Hibernate\Hibernate Applications\Xworkz_CommonModule_Poornima\temp
29-Dec-2024 23:19:20.047 INFO [main] org.apache.catalina.startup.VersionLoggerListener.log Command line argument: -Djava.util.logging.config.file=C:\Users\ASUS\Desktop\Spring-Hibernate\Hibernate Applications\Xworkz_CommonModule_Poornima\conf\logging.properties
29-Dec-2024 23:19:20.048 INFO [main] org.apache.catalina.startup.VersionLoggerListener.log Command line argument: -Djava.util.logging.manager=org.apache.juli.ClassLoaderLogManager
29-Dec-2024 23:19:20.048 INFO [main] org.apache.catalina.startup.VersionLoggerListener.log Command line argument: -javaagent:C:\Program Files\JetBrains\IntelliJ IDEA Community Edition 2024.3\lib\idea_rt.jar=51234:C:\Program Files\JetBrains\IntelliJ IDEA Community Edition 2024.3\bin
29-Dec-2024 23:19:20.048 INFO [main] org.apache.catalina.startup.VersionLoggerListener.log Command line argument: -Dfile.encoding=UTF-8
29-Dec-2024 23:19:20.058 INFO [main] org.apache.catalina.core.AprLifecycleListener.lifecycleEvent Loaded Apache Tomcat Native library [1.2.25] using APR version [1.7.0].
29-Dec-2024 23:19:20.059 INFO [main] org.apache.catalina.core.AprLifecycleListener.lifecycleEvent APR capabilities: IPv6 [true], sendfile [true], accept filters [false], random [true].
29-Dec-2024 23:19:20.059 INFO [main] org.apache.catalina.core.AprLifecycleListener.lifecycleEvent APR/OpenSSL configuration: useAprConnector [false], useOpenSSL [true]
29-Dec-2024 23:19:20.072 INFO [main] org.apache.catalina.core.AprLifecycleListener.initializeSSL OpenSSL successfully initialized [OpenSSL 1.1.1g  21 Apr 2020]
29-Dec-2024 23:19:21.036 INFO [main] org.apache.coyote.AbstractProtocol.init Initializing ProtocolHandler ["http-nio-9999"]
29-Dec-2024 23:19:21.334 INFO [main] org.apache.catalina.startup.Catalina.load Server initialization in [1833] milliseconds
29-Dec-2024 23:19:21.391 INFO [main] org.apache.catalina.core.StandardService.startInternal Starting service [Catalina]
29-Dec-2024 23:19:21.392 INFO [main] org.apache.catalina.core.StandardEngine.startInternal Starting Servlet engine: [Apache Tomcat/9.0.38]
29-Dec-2024 23:19:21.411 INFO [main] org.apache.catalina.startup.HostConfig.deployDescriptor Deploying deployment descriptor [C:\Users\ASUS\Desktop\Spring-Hibernate\Hibernate Applications\Xworkz_CommonModule_Poornima\conf\Catalina\localhost\IndianRailways.xml]
29-Dec-2024 23:19:22.179 INFO [main] org.apache.jasper.servlet.TldScanner.scanJars At least one JAR was scanned for TLDs yet contained no TLDs. Enable debug logging for this logger for a complete list of JARs that were scanned but no TLDs were found in them. Skipping unneeded JARs during scanning can improve startup time and JSP compilation time.
29-Dec-2024 23:19:22.267 INFO [main] org.apache.catalina.startup.HostConfig.deployDescriptor Deployment of deployment descriptor [C:\Users\ASUS\Desktop\Spring-Hibernate\Hibernate Applications\Xworkz_CommonModule_Poornima\conf\Catalina\localhost\IndianRailways.xml] has finished in [854] ms
29-Dec-2024 23:19:22.267 INFO [main] org.apache.catalina.startup.HostConfig.deployDescriptor Deploying deployment descriptor [C:\Users\ASUS\Desktop\Spring-Hibernate\Hibernate Applications\Xworkz_CommonModule_Poornima\conf\Catalina\localhost\Xworkz_CommonModule_Poornima.xml]
29-Dec-2024 23:19:29.908 INFO [main] org.apache.jasper.servlet.TldScanner.scanJars At least one JAR was scanned for TLDs yet contained no TLDs. Enable debug logging for this logger for a complete list of JARs that were scanned but no TLDs were found in them. Skipping unneeded JARs during scanning can improve startup time and JSP compilation time.
29-Dec-2024 23:19:46.214 INFO [main] org.apache.catalina.startup.HostConfig.deployDescriptor Deployment of deployment descriptor [C:\Users\ASUS\Desktop\Spring-Hibernate\Hibernate Applications\Xworkz_CommonModule_Poornima\conf\Catalina\localhost\Xworkz_CommonModule_Poornima.xml] has finished in [23,946] ms
29-Dec-2024 23:19:46.220 INFO [main] org.apache.coyote.AbstractProtocol.start Starting ProtocolHandler ["http-nio-9999"]
29-Dec-2024 23:19:46.238 INFO [main] org.apache.catalina.startup.Catalina.start Server startup in [24904] milliseconds
29-Dec-2024 23:21:35.924 INFO [Thread-4] org.apache.coyote.AbstractProtocol.pause Pausing ProtocolHandler ["http-nio-9999"]
29-Dec-2024 23:21:36.129 INFO [Thread-4] org.apache.catalina.core.StandardService.stopInternal Stopping service [Catalina]
29-Dec-2024 23:21:36.194 WARNING [Thread-4] org.apache.catalina.loader.WebappClassLoaderBase.clearReferencesJdbc The web application [Xworkz_CommonModule_Poornima] registered the JDBC driver [com.mysql.cj.jdbc.Driver] but failed to unregister it when the web application was stopped. To prevent a memory leak, the JDBC Driver has been forcibly unregistered.
29-Dec-2024 23:21:36.196 WARNING [Thread-4] org.apache.catalina.loader.WebappClassLoaderBase.clearReferencesThreads The web application [Xworkz_CommonModule_Poornima] appears to have started a thread named [mysql-cj-abandoned-connection-cleanup] but has failed to stop it. This is very likely to create a memory leak. Stack trace of thread:
 java.lang.Object.wait(Native Method)
 java.lang.ref.ReferenceQueue.remove(ReferenceQueue.java:144)
 com.mysql.cj.jdbc.AbandonedConnectionCleanupThread.run(AbandonedConnectionCleanupThread.java:91)
 java.util.concurrent.ThreadPoolExecutor.runWorker(ThreadPoolExecutor.java:1149)
 java.util.concurrent.ThreadPoolExecutor$Worker.run(ThreadPoolExecutor.java:624)
 java.lang.Thread.run(Thread.java:748)
29-Dec-2024 23:21:36.202 INFO [Thread-4] org.apache.coyote.AbstractProtocol.stop Stopping ProtocolHandler ["http-nio-9999"]
29-Dec-2024 23:21:36.251 INFO [Thread-4] org.apache.coyote.AbstractProtocol.destroy Destroying ProtocolHandler ["http-nio-9999"]
